#
# There is insufficient memory for the Java Runtime Environment to continue.
# Native memory allocation (malloc) failed to allocate 954656 bytes. Error detail: Chunk::new
# Possible reasons:
#   The system is out of physical RAM or swap space
#   This process is running with CompressedOops enabled, and the Java Heap may be blocking the growth of the native heap
# Possible solutions:
#   Reduce memory load on the system
#   Increase physical memory or swap space
#   Check if swap backing store is full
#   Decrease Java heap size (-Xmx/-Xms)
#   Decrease number of Java threads
#   Decrease Java thread stack sizes (-Xss)
#   Set larger code cache with -XX:ReservedCodeCacheSize=
#   JVM is running with Unscaled Compressed Oops mode in which the Java heap is
#     placed in the first 4GB address space. The Java Heap base address is the
#     maximum limit for the native heap growth. Please use -XX:HeapBaseMinAddress
#     to set the Java Heap base and to place the Java Heap above 4GB virtual address.
# This output file may be truncated or incomplete.
#
#  Out of Memory Error (arena.cpp:168), pid=18384, tid=4116
#
# JRE version: OpenJDK Runtime Environment (21.0.4) (build 21.0.4+-12508038-b607.1)
# Java VM: OpenJDK 64-Bit Server VM (21.0.4+-12508038-b607.1, mixed mode, tiered, compressed oops, compressed class ptrs, g1 gc, windows-amd64)
# No core dump will be written. Minidumps are not enabled by default on client versions of Windows
#

---------------  S U M M A R Y ------------

Command Line: --add-exports=jdk.compiler/com.sun.tools.javac.util=ALL-UNNAMED --add-opens=java.base/java.util.concurrent.atomic=ALL-UNNAMED --add-opens=java.base/java.util=ALL-UNNAMED --add-opens=java.base/java.lang=ALL-UNNAMED --add-opens=java.base/java.lang.invoke=ALL-UNNAMED --add-opens=java.prefs/java.util.prefs=ALL-UNNAMED --add-exports=jdk.compiler/com.sun.tools.javac.api=ALL-UNNAMED --add-exports=jdk.compiler/com.sun.tools.javac.util=ALL-UNNAMED --add-opens=java.base/java.nio.charset=ALL-UNNAMED --add-opens=java.base/java.net=ALL-UNNAMED --add-opens=java.base/java.util.concurrent.atomic=ALL-UNNAMED -Xmx2048m -Dfile.encoding=UTF-8 -Duser.country=FR -Duser.language=fr -Duser.variant -javaagent:C:\Users\Pierr\.gradle\wrapper\dists\gradle-8.10.2-bin\a04bxjujx95o3nb99gddekhwo\gradle-8.10.2\lib\agents\gradle-instrumentation-agent-8.10.2.jar org.gradle.launcher.daemon.bootstrap.GradleDaemon 8.10.2

Host: 11th Gen Intel(R) Core(TM) i7-11370H @ 3.30GHz, 8 cores, 11G,  Windows 11 , 64 bit Build 26100 (10.0.26100.2454)
Time: Thu Jan 30 22:41:16 2025 Paris, Madrid elapsed time: 16.028753 seconds (0d 0h 0m 16s)

---------------  T H R E A D  ---------------

Current thread (0x0000020d20c754d0):  JavaThread "C2 CompilerThread1" daemon [_thread_in_native, id=4116, stack(0x0000009050b00000,0x0000009050c00000) (1024K)]


Current CompileTask:
C2:  16028 6444   !   4       java.net.URLClassLoader::findClass (47 bytes)

Stack: [0x0000009050b00000,0x0000009050c00000]
Native frames: (J=compiled Java code, j=interpreted, Vv=VM code, C=native code)
V  [jvm.dll+0x6ce539]
V  [jvm.dll+0x85bf03]
V  [jvm.dll+0x85e45e]
V  [jvm.dll+0x85eb43]
V  [jvm.dll+0x27dd06]
V  [jvm.dll+0xbf9cd]
V  [jvm.dll+0xbff03]
V  [jvm.dll+0x2f19c1]
V  [jvm.dll+0x5f8d79]
V  [jvm.dll+0x2503d2]
V  [jvm.dll+0x25078f]
V  [jvm.dll+0x249065]
V  [jvm.dll+0x2468be]
V  [jvm.dll+0x1c58a4]
V  [jvm.dll+0x255fec]
V  [jvm.dll+0x254536]
V  [jvm.dll+0x3efab6]
V  [jvm.dll+0x804418]
V  [jvm.dll+0x6cce0d]
C  [ucrtbase.dll+0x14ea0]
C  [KERNEL32.DLL+0x2e8d7]
C  [ntdll.dll+0xdfbcc]


---------------  P R O C E S S  ---------------

Threads class SMR info:
_java_thread_list=0x0000020d292962f0, length=59, elements={
0x0000020d093492a0, 0x0000020d20c4cf60, 0x0000020d20c4d9c0, 0x0000020d20c57ab0,
0x0000020d20c58510, 0x0000020d20c396b0, 0x0000020d20c3a110, 0x0000020d20c69ba0,
0x0000020d20c75ba0, 0x0000020d20dde460, 0x0000020d25185480, 0x0000020d26d9cb20,
0x0000020d26f5b740, 0x0000020d270de920, 0x0000020d26eb7d70, 0x0000020d26eb87f0,
0x0000020d27170130, 0x0000020d26fe4d90, 0x0000020d26fe4070, 0x0000020d26fe5420,
0x0000020d26fe4700, 0x0000020d272c52f0, 0x0000020d272c5980, 0x0000020d272c7a50,
0x0000020d272c66a0, 0x0000020d272c6d30, 0x0000020d272c73c0, 0x0000020d272c45d0,
0x0000020d272c80e0, 0x0000020d272c4c60, 0x0000020d272caed0, 0x0000020d272cb560,
0x0000020d272c9b20, 0x0000020d272ca1b0, 0x0000020d272ca840, 0x0000020d272cbbf0,
0x0000020d272c8770, 0x0000020d272c8e00, 0x0000020d272c9490, 0x0000020d292dead0,
0x0000020d292dddb0, 0x0000020d292df160, 0x0000020d292df7f0, 0x0000020d292dc370,
0x0000020d292dca00, 0x0000020d2970c670, 0x0000020d2970d390, 0x0000020d2970da20,
0x0000020d2970f460, 0x0000020d2970faf0, 0x0000020d29710180, 0x0000020d2970cd00,
0x0000020d29711530, 0x0000020d29710810, 0x0000020d29710ea0, 0x0000020d2970e0b0,
0x0000020d29711bc0, 0x0000020d2970e740, 0x0000020d20c754d0
}

Java Threads: ( => current thread )
  0x0000020d093492a0 JavaThread "main"                              [_thread_blocked, id=17164, stack(0x000000904f900000,0x000000904fa00000) (1024K)]
  0x0000020d20c4cf60 JavaThread "Reference Handler"          daemon [_thread_blocked, id=5100, stack(0x0000009050100000,0x0000009050200000) (1024K)]
  0x0000020d20c4d9c0 JavaThread "Finalizer"                  daemon [_thread_blocked, id=2236, stack(0x0000009050200000,0x0000009050300000) (1024K)]
  0x0000020d20c57ab0 JavaThread "Signal Dispatcher"          daemon [_thread_blocked, id=7304, stack(0x0000009050300000,0x0000009050400000) (1024K)]
  0x0000020d20c58510 JavaThread "Attach Listener"            daemon [_thread_blocked, id=12944, stack(0x0000009050400000,0x0000009050500000) (1024K)]
  0x0000020d20c396b0 JavaThread "Service Thread"             daemon [_thread_blocked, id=6012, stack(0x0000009050500000,0x0000009050600000) (1024K)]
  0x0000020d20c3a110 JavaThread "Monitor Deflation Thread"   daemon [_thread_blocked, id=17072, stack(0x0000009050600000,0x0000009050700000) (1024K)]
  0x0000020d20c69ba0 JavaThread "C2 CompilerThread0"         daemon [_thread_in_native, id=13208, stack(0x0000009050700000,0x0000009050800000) (1024K)]
  0x0000020d20c75ba0 JavaThread "C1 CompilerThread0"         daemon [_thread_in_native, id=2124, stack(0x0000009050800000,0x0000009050900000) (1024K)]
  0x0000020d20dde460 JavaThread "Common-Cleaner"             daemon [_thread_blocked, id=11984, stack(0x0000009050900000,0x0000009050a00000) (1024K)]
  0x0000020d25185480 JavaThread "Notification Thread"        daemon [_thread_blocked, id=16332, stack(0x0000009050a00000,0x0000009050b00000) (1024K)]
  0x0000020d26d9cb20 JavaThread "Daemon health stats"               [_thread_blocked, id=15344, stack(0x0000009051300000,0x0000009051400000) (1024K)]
  0x0000020d26f5b740 JavaThread "Incoming local TCP Connector on port 52022"        [_thread_in_native, id=952, stack(0x0000009051400000,0x0000009051500000) (1024K)]
  0x0000020d270de920 JavaThread "Daemon periodic checks"            [_thread_blocked, id=12616, stack(0x0000009051500000,0x0000009051600000) (1024K)]
  0x0000020d26eb7d70 JavaThread "Daemon"                            [_thread_blocked, id=14584, stack(0x0000009051600000,0x0000009051700000) (1024K)]
  0x0000020d26eb87f0 JavaThread "Handler for socket connection from /127.0.0.1:52022 to /127.0.0.1:52023"        [_thread_in_native, id=15704, stack(0x0000009051700000,0x0000009051800000) (1024K)]
  0x0000020d27170130 JavaThread "Cancel handler"                    [_thread_blocked, id=16936, stack(0x0000009051800000,0x0000009051900000) (1024K)]
  0x0000020d26fe4d90 JavaThread "Daemon worker"                     [_thread_in_Java, id=9872, stack(0x0000009051900000,0x0000009051a00000) (1024K)]
  0x0000020d26fe4070 JavaThread "Asynchronous log dispatcher for DefaultDaemonConnection: socket connection from /127.0.0.1:52022 to /127.0.0.1:52023"        [_thread_blocked, id=1316, stack(0x0000009051a00000,0x0000009051b00000) (1024K)]
  0x0000020d26fe5420 JavaThread "Stdin handler"                     [_thread_blocked, id=13756, stack(0x0000009051b00000,0x0000009051c00000) (1024K)]
  0x0000020d26fe4700 JavaThread "Daemon client event forwarder"        [_thread_blocked, id=8560, stack(0x0000009051c00000,0x0000009051d00000) (1024K)]
  0x0000020d272c52f0 JavaThread "Cache worker for journal cache (C:\Users\Pierr\.gradle\caches\journal-1)"        [_thread_blocked, id=15492, stack(0x0000009050c00000,0x0000009050d00000) (1024K)]
  0x0000020d272c5980 JavaThread "File lock request listener"        [_thread_in_native, id=16988, stack(0x0000009051f00000,0x0000009052000000) (1024K)]
  0x0000020d272c7a50 JavaThread "Cache worker for file hash cache (C:\Users\Pierr\.gradle\caches\8.10.2\fileHashes)"        [_thread_blocked, id=7672, stack(0x0000009052000000,0x0000009052100000) (1024K)]
  0x0000020d272c66a0 JavaThread "Cache worker for file hash cache (E:\2A\PERIODE C\DevM\Powerhome\.gradle\8.10.2\fileHashes)"        [_thread_blocked, id=936, stack(0x0000009052100000,0x0000009052200000) (1024K)]
  0x0000020d272c6d30 JavaThread "Cache worker for Build Output Cleanup Cache (E:\2A\PERIODE C\DevM\Powerhome\.gradle\buildOutputCleanup)"        [_thread_blocked, id=17788, stack(0x0000009052200000,0x0000009052300000) (1024K)]
  0x0000020d272c73c0 JavaThread "File watcher server"        daemon [_thread_in_native, id=8180, stack(0x0000009052300000,0x0000009052400000) (1024K)]
  0x0000020d272c45d0 JavaThread "File watcher consumer"      daemon [_thread_blocked, id=14100, stack(0x0000009052400000,0x0000009052500000) (1024K)]
  0x0000020d272c80e0 JavaThread "jar transforms"                    [_thread_blocked, id=12416, stack(0x0000009052500000,0x0000009052600000) (1024K)]
  0x0000020d272c4c60 JavaThread "jar transforms Thread 2"           [_thread_blocked, id=1100, stack(0x0000009052600000,0x0000009052700000) (1024K)]
  0x0000020d272caed0 JavaThread "jar transforms Thread 3"           [_thread_blocked, id=15740, stack(0x0000009052700000,0x0000009052800000) (1024K)]
  0x0000020d272cb560 JavaThread "jar transforms Thread 4"           [_thread_blocked, id=10812, stack(0x0000009052800000,0x0000009052900000) (1024K)]
  0x0000020d272c9b20 JavaThread "jar transforms Thread 5"           [_thread_blocked, id=14720, stack(0x0000009052900000,0x0000009052a00000) (1024K)]
  0x0000020d272ca1b0 JavaThread "jar transforms Thread 6"           [_thread_blocked, id=15348, stack(0x0000009052a00000,0x0000009052b00000) (1024K)]
  0x0000020d272ca840 JavaThread "jar transforms Thread 7"           [_thread_blocked, id=17480, stack(0x0000009052b00000,0x0000009052c00000) (1024K)]
  0x0000020d272cbbf0 JavaThread "jar transforms Thread 8"           [_thread_blocked, id=5012, stack(0x0000009052c00000,0x0000009052d00000) (1024K)]
  0x0000020d272c8770 JavaThread "Cache worker for checksums cache (E:\2A\PERIODE C\DevM\Powerhome\.gradle\8.10.2\checksums)"        [_thread_blocked, id=4212, stack(0x0000009052d00000,0x0000009052e00000) (1024K)]
  0x0000020d272c8e00 JavaThread "Cache worker for file content cache (C:\Users\Pierr\.gradle\caches\8.10.2\fileContent)"        [_thread_blocked, id=11904, stack(0x0000009052e00000,0x0000009052f00000) (1024K)]
  0x0000020d272c9490 JavaThread "Cache worker for cache directory md-rule (C:\Users\Pierr\.gradle\caches\8.10.2\md-rule)"        [_thread_blocked, id=2616, stack(0x0000009052f00000,0x0000009053000000) (1024K)]
  0x0000020d292dead0 JavaThread "Cache worker for cache directory md-supplier (C:\Users\Pierr\.gradle\caches\8.10.2\md-supplier)"        [_thread_blocked, id=8244, stack(0x0000009053000000,0x0000009053100000) (1024K)]
  0x0000020d292dddb0 JavaThread "Unconstrained build operations"        [_thread_blocked, id=11916, stack(0x0000009053100000,0x0000009053200000) (1024K)]
  0x0000020d292df160 JavaThread "Unconstrained build operations Thread 2"        [_thread_blocked, id=6812, stack(0x0000009053200000,0x0000009053300000) (1024K)]
  0x0000020d292df7f0 JavaThread "Unconstrained build operations Thread 3"        [_thread_blocked, id=6196, stack(0x0000009053300000,0x0000009053400000) (1024K)]
  0x0000020d292dc370 JavaThread "Unconstrained build operations Thread 4"        [_thread_blocked, id=2376, stack(0x0000009053400000,0x0000009053500000) (1024K)]
  0x0000020d292dca00 JavaThread "Unconstrained build operations Thread 5"        [_thread_blocked, id=18068, stack(0x0000009053500000,0x0000009053600000) (1024K)]
  0x0000020d2970c670 JavaThread "Unconstrained build operations Thread 6"        [_thread_blocked, id=12220, stack(0x0000009053600000,0x0000009053700000) (1024K)]
  0x0000020d2970d390 JavaThread "Unconstrained build operations Thread 7"        [_thread_blocked, id=14136, stack(0x0000009053700000,0x0000009053800000) (1024K)]
  0x0000020d2970da20 JavaThread "Unconstrained build operations Thread 8"        [_thread_blocked, id=14724, stack(0x0000009053800000,0x0000009053900000) (1024K)]
  0x0000020d2970f460 JavaThread "Unconstrained build operations Thread 9"        [_thread_blocked, id=3968, stack(0x0000009053900000,0x0000009053a00000) (1024K)]
  0x0000020d2970faf0 JavaThread "Unconstrained build operations Thread 10"        [_thread_blocked, id=15532, stack(0x0000009053a00000,0x0000009053b00000) (1024K)]
  0x0000020d29710180 JavaThread "Unconstrained build operations Thread 11"        [_thread_blocked, id=18148, stack(0x0000009053b00000,0x0000009053c00000) (1024K)]
  0x0000020d2970cd00 JavaThread "Unconstrained build operations Thread 12"        [_thread_blocked, id=2188, stack(0x0000009053c00000,0x0000009053d00000) (1024K)]
  0x0000020d29711530 JavaThread "Unconstrained build operations Thread 13"        [_thread_blocked, id=10460, stack(0x0000009053d00000,0x0000009053e00000) (1024K)]
  0x0000020d29710810 JavaThread "Unconstrained build operations Thread 14"        [_thread_blocked, id=7564, stack(0x0000009053e00000,0x0000009053f00000) (1024K)]
  0x0000020d29710ea0 JavaThread "Unconstrained build operations Thread 15"        [_thread_blocked, id=17212, stack(0x0000009053f00000,0x0000009054000000) (1024K)]
  0x0000020d2970e0b0 JavaThread "Unconstrained build operations Thread 16"        [_thread_blocked, id=15876, stack(0x0000009054000000,0x0000009054100000) (1024K)]
  0x0000020d29711bc0 JavaThread "Unconstrained build operations Thread 17"        [_thread_blocked, id=11608, stack(0x0000009054100000,0x0000009054200000) (1024K)]
  0x0000020d2970e740 JavaThread "Unconstrained build operations Thread 18"        [_thread_blocked, id=17756, stack(0x0000009054200000,0x0000009054300000) (1024K)]
=>0x0000020d20c754d0 JavaThread "C2 CompilerThread1"         daemon [_thread_in_native, id=4116, stack(0x0000009050b00000,0x0000009050c00000) (1024K)]
Total: 59

Other Threads:
  0x0000020d20bb2a90 VMThread "VM Thread"                           [id=7000, stack(0x0000009050000000,0x0000009050100000) (1024K)]
  0x0000020d20a1c380 WatcherThread "VM Periodic Task Thread"        [id=17440, stack(0x000000904ff00000,0x0000009050000000) (1024K)]
  0x0000020d093a4180 WorkerThread "GC Thread#0"                     [id=6472, stack(0x000000904fa00000,0x000000904fb00000) (1024K)]
  0x0000020d255e4560 WorkerThread "GC Thread#1"                     [id=1096, stack(0x0000009050d00000,0x0000009050e00000) (1024K)]
  0x0000020d25556440 WorkerThread "GC Thread#2"                     [id=14544, stack(0x0000009050e00000,0x0000009050f00000) (1024K)]
  0x0000020d25a1a0a0 WorkerThread "GC Thread#3"                     [id=16184, stack(0x0000009050f00000,0x0000009051000000) (1024K)]
  0x0000020d261f72c0 WorkerThread "GC Thread#4"                     [id=13464, stack(0x0000009051000000,0x0000009051100000) (1024K)]
  0x0000020d260d50e0 WorkerThread "GC Thread#5"                     [id=6460, stack(0x0000009051100000,0x0000009051200000) (1024K)]
  0x0000020d26d0fbf0 WorkerThread "GC Thread#6"                     [id=16452, stack(0x0000009051200000,0x0000009051300000) (1024K)]
  0x0000020d270e3ef0 WorkerThread "GC Thread#7"                     [id=6824, stack(0x0000009051d00000,0x0000009051e00000) (1024K)]
  0x0000020d093f3b80 ConcurrentGCThread "G1 Main Marker"            [id=3584, stack(0x000000904fb00000,0x000000904fc00000) (1024K)]
  0x0000020d093f5440 WorkerThread "G1 Conc#0"                       [id=12228, stack(0x000000904fc00000,0x000000904fd00000) (1024K)]
  0x0000020d270e4290 WorkerThread "G1 Conc#1"                       [id=16812, stack(0x0000009051e00000,0x0000009051f00000) (1024K)]
  0x0000020d208f27a0 ConcurrentGCThread "G1 Refine#0"               [id=9508, stack(0x000000904fd00000,0x000000904fe00000) (1024K)]
  0x0000020d208f30d0 ConcurrentGCThread "G1 Service"                [id=17268, stack(0x000000904fe00000,0x000000904ff00000) (1024K)]
Total: 15

Threads with active compile tasks:
C2 CompilerThread0    16053 6449       4       java.net.URLClassLoader$1::run (5 bytes)
C2 CompilerThread1    16053 6444   !   4       java.net.URLClassLoader::findClass (47 bytes)
Total: 2

VM state: not at safepoint (normal execution)

VM Mutex/Monitor currently owned by a thread: None

Heap address: 0x0000000080000000, size: 2048 MB, Compressed Oops mode: 32-bit

CDS archive(s) not mapped
Compressed class space mapped at: 0x0000000100000000-0x0000000140000000, reserved size: 1073741824
Narrow klass base: 0x0000000000000000, Narrow klass shift: 3, Narrow klass range: 0x140000000

GC Precious Log:
 CardTable entry size: 512
 Card Set container configuration: InlinePtr #cards 5 size 8 Array Of Cards #cards 12 size 40 Howl #buckets 4 coarsen threshold 1843 Howl Bitmap #cards 512 size 80 coarsen threshold 460 Card regions per heap region 1 cards per card region 2048
 CPUs: 8 total, 8 available
 Memory: 11979M
 Large Page Support: Disabled
 NUMA Support: Disabled
 Compressed Oops: Enabled (32-bit)
 Heap Region Size: 1M
 Heap Min Capacity: 8M
 Heap Initial Capacity: 188M
 Heap Max Capacity: 2G
 Pre-touch: Disabled
 Parallel Workers: 8
 Concurrent Workers: 2
 Concurrent Refinement Workers: 8
 Periodic GC: Disabled

Heap:
 garbage-first heap   total 152576K, used 98847K [0x0000000080000000, 0x0000000100000000)
  region size 1024K, 24 young (24576K), 4 survivors (4096K)
 Metaspace       used 66320K, committed 68032K, reserved 1114112K
  class space    used 9071K, committed 9920K, reserved 1048576K

Heap Regions: E=young(eden), S=young(survivor), O=old, HS=humongous(starts), HC=humongous(continues), CS=collection set, F=free, TAMS=top-at-mark-start, PB=parsable bottom
|   0|0x0000000080000000, 0x0000000080100000, 0x0000000080100000|100%| O|  |TAMS 0x0000000080000000| PB 0x0000000080000000| Untracked 
|   1|0x0000000080100000, 0x0000000080200000, 0x0000000080200000|100%| O|  |TAMS 0x0000000080100000| PB 0x0000000080100000| Untracked 
|   2|0x0000000080200000, 0x0000000080300000, 0x0000000080300000|100%|HS|  |TAMS 0x0000000080200000| PB 0x0000000080200000| Complete 
|   3|0x0000000080300000, 0x0000000080400000, 0x0000000080400000|100%|HC|  |TAMS 0x0000000080300000| PB 0x0000000080300000| Complete 
|   4|0x0000000080400000, 0x0000000080500000, 0x0000000080500000|100%|HC|  |TAMS 0x0000000080400000| PB 0x0000000080400000| Complete 
|   5|0x0000000080500000, 0x0000000080600000, 0x0000000080600000|100%|HC|  |TAMS 0x0000000080500000| PB 0x0000000080500000| Complete 
|   6|0x0000000080600000, 0x0000000080700000, 0x0000000080700000|100%| O|  |TAMS 0x0000000080600000| PB 0x0000000080600000| Untracked 
|   7|0x0000000080700000, 0x0000000080800000, 0x0000000080800000|100%| O|  |TAMS 0x0000000080700000| PB 0x0000000080700000| Untracked 
|   8|0x0000000080800000, 0x0000000080900000, 0x0000000080900000|100%| O|  |TAMS 0x0000000080800000| PB 0x0000000080800000| Untracked 
|   9|0x0000000080900000, 0x0000000080a00000, 0x0000000080a00000|100%|HS|  |TAMS 0x0000000080900000| PB 0x0000000080900000| Complete 
|  10|0x0000000080a00000, 0x0000000080b00000, 0x0000000080b00000|100%| O|  |TAMS 0x0000000080a00000| PB 0x0000000080a00000| Untracked 
|  11|0x0000000080b00000, 0x0000000080c00000, 0x0000000080c00000|100%| O|  |TAMS 0x0000000080b00000| PB 0x0000000080b00000| Untracked 
|  12|0x0000000080c00000, 0x0000000080d00000, 0x0000000080d00000|100%|HS|  |TAMS 0x0000000080c00000| PB 0x0000000080c00000| Complete 
|  13|0x0000000080d00000, 0x0000000080e00000, 0x0000000080e00000|100%|HS|  |TAMS 0x0000000080d00000| PB 0x0000000080d00000| Complete 
|  14|0x0000000080e00000, 0x0000000080f00000, 0x0000000080f00000|100%|HC|  |TAMS 0x0000000080e00000| PB 0x0000000080e00000| Complete 
|  15|0x0000000080f00000, 0x0000000081000000, 0x0000000081000000|100%|HC|  |TAMS 0x0000000080f00000| PB 0x0000000080f00000| Complete 
|  16|0x0000000081000000, 0x0000000081100000, 0x0000000081100000|100%|HC|  |TAMS 0x0000000081000000| PB 0x0000000081000000| Complete 
|  17|0x0000000081100000, 0x0000000081200000, 0x0000000081200000|100%|HC|  |TAMS 0x0000000081100000| PB 0x0000000081100000| Complete 
|  18|0x0000000081200000, 0x0000000081300000, 0x0000000081300000|100%|HC|  |TAMS 0x0000000081200000| PB 0x0000000081200000| Complete 
|  19|0x0000000081300000, 0x0000000081400000, 0x0000000081400000|100%|HS|  |TAMS 0x0000000081300000| PB 0x0000000081300000| Complete 
|  20|0x0000000081400000, 0x0000000081500000, 0x0000000081500000|100%|HC|  |TAMS 0x0000000081400000| PB 0x0000000081400000| Complete 
|  21|0x0000000081500000, 0x0000000081600000, 0x0000000081600000|100%|HC|  |TAMS 0x0000000081500000| PB 0x0000000081500000| Complete 
|  22|0x0000000081600000, 0x0000000081700000, 0x0000000081700000|100%|HS|  |TAMS 0x0000000081600000| PB 0x0000000081600000| Complete 
|  23|0x0000000081700000, 0x0000000081800000, 0x0000000081800000|100%|HC|  |TAMS 0x0000000081700000| PB 0x0000000081700000| Complete 
|  24|0x0000000081800000, 0x0000000081900000, 0x0000000081900000|100%| O|  |TAMS 0x0000000081800000| PB 0x0000000081800000| Untracked 
|  25|0x0000000081900000, 0x0000000081a00000, 0x0000000081a00000|100%| O|  |TAMS 0x0000000081900000| PB 0x0000000081900000| Untracked 
|  26|0x0000000081a00000, 0x0000000081b00000, 0x0000000081b00000|100%| O|  |TAMS 0x0000000081a00000| PB 0x0000000081a00000| Untracked 
|  27|0x0000000081b00000, 0x0000000081c00000, 0x0000000081c00000|100%| O|  |TAMS 0x0000000081b00000| PB 0x0000000081b00000| Untracked 
|  28|0x0000000081c00000, 0x0000000081d00000, 0x0000000081d00000|100%| O|  |TAMS 0x0000000081c00000| PB 0x0000000081c00000| Untracked 
|  29|0x0000000081d00000, 0x0000000081e00000, 0x0000000081e00000|100%| O|  |TAMS 0x0000000081d00000| PB 0x0000000081d00000| Untracked 
|  30|0x0000000081e00000, 0x0000000081f00000, 0x0000000081f00000|100%| O|  |TAMS 0x0000000081e00000| PB 0x0000000081e00000| Untracked 
|  31|0x0000000081f00000, 0x0000000082000000, 0x0000000082000000|100%| O|  |TAMS 0x0000000081f00000| PB 0x0000000081f00000| Untracked 
|  32|0x0000000082000000, 0x0000000082100000, 0x0000000082100000|100%| O|  |TAMS 0x0000000082000000| PB 0x0000000082000000| Untracked 
|  33|0x0000000082100000, 0x0000000082200000, 0x0000000082200000|100%| O|  |TAMS 0x0000000082100000| PB 0x0000000082100000| Untracked 
|  34|0x0000000082200000, 0x0000000082300000, 0x0000000082300000|100%| O|  |TAMS 0x0000000082200000| PB 0x0000000082200000| Untracked 
|  35|0x0000000082300000, 0x0000000082400000, 0x0000000082400000|100%| O|  |TAMS 0x0000000082300000| PB 0x0000000082300000| Untracked 
|  36|0x0000000082400000, 0x0000000082500000, 0x0000000082500000|100%| O|  |TAMS 0x0000000082400000| PB 0x0000000082400000| Untracked 
|  37|0x0000000082500000, 0x0000000082600000, 0x0000000082600000|100%| O|  |TAMS 0x0000000082500000| PB 0x0000000082500000| Untracked 
|  38|0x0000000082600000, 0x0000000082700000, 0x0000000082700000|100%| O|  |TAMS 0x0000000082600000| PB 0x0000000082600000| Untracked 
|  39|0x0000000082700000, 0x0000000082800000, 0x0000000082800000|100%| O|  |TAMS 0x0000000082700000| PB 0x0000000082700000| Untracked 
|  40|0x0000000082800000, 0x0000000082900000, 0x0000000082900000|100%| O|  |TAMS 0x0000000082800000| PB 0x0000000082800000| Untracked 
|  41|0x0000000082900000, 0x0000000082a00000, 0x0000000082a00000|100%| O|  |TAMS 0x0000000082900000| PB 0x0000000082900000| Untracked 
|  42|0x0000000082a00000, 0x0000000082b00000, 0x0000000082b00000|100%| O|  |TAMS 0x0000000082a00000| PB 0x0000000082a00000| Untracked 
|  43|0x0000000082b00000, 0x0000000082c00000, 0x0000000082c00000|100%| O|  |TAMS 0x0000000082b00000| PB 0x0000000082b00000| Untracked 
|  44|0x0000000082c00000, 0x0000000082d00000, 0x0000000082d00000|100%|HS|  |TAMS 0x0000000082c00000| PB 0x0000000082c00000| Complete 
|  45|0x0000000082d00000, 0x0000000082e00000, 0x0000000082e00000|100%|HC|  |TAMS 0x0000000082d00000| PB 0x0000000082d00000| Complete 
|  46|0x0000000082e00000, 0x0000000082e00000, 0x0000000082f00000|  0%| F|  |TAMS 0x0000000082e00000| PB 0x0000000082e00000| Untracked 
|  47|0x0000000082f00000, 0x0000000083000000, 0x0000000083000000|100%| O|  |TAMS 0x0000000082f00000| PB 0x0000000082f00000| Untracked 
|  48|0x0000000083000000, 0x0000000083100000, 0x0000000083100000|100%| O|  |TAMS 0x0000000083000000| PB 0x0000000083000000| Untracked 
|  49|0x0000000083100000, 0x0000000083200000, 0x0000000083200000|100%| O|  |TAMS 0x0000000083100000| PB 0x0000000083100000| Untracked 
|  50|0x0000000083200000, 0x0000000083300000, 0x0000000083300000|100%| O|  |TAMS 0x0000000083200000| PB 0x0000000083200000| Untracked 
|  51|0x0000000083300000, 0x0000000083400000, 0x0000000083400000|100%| O|  |TAMS 0x0000000083300000| PB 0x0000000083300000| Untracked 
|  52|0x0000000083400000, 0x0000000083440aa0, 0x0000000083500000| 25%| O|  |TAMS 0x0000000083400000| PB 0x0000000083400000| Untracked 
|  53|0x0000000083500000, 0x0000000083500000, 0x0000000083600000|  0%| F|  |TAMS 0x0000000083500000| PB 0x0000000083500000| Untracked 
|  54|0x0000000083600000, 0x0000000083700000, 0x0000000083700000|100%| O|  |TAMS 0x0000000083600000| PB 0x0000000083600000| Untracked 
|  55|0x0000000083700000, 0x0000000083800000, 0x0000000083800000|100%| O|  |TAMS 0x0000000083700000| PB 0x0000000083700000| Untracked 
|  56|0x0000000083800000, 0x0000000083900000, 0x0000000083900000|100%| O|  |TAMS 0x0000000083800000| PB 0x0000000083800000| Untracked 
|  57|0x0000000083900000, 0x0000000083a00000, 0x0000000083a00000|100%| O|  |TAMS 0x0000000083900000| PB 0x0000000083900000| Untracked 
|  58|0x0000000083a00000, 0x0000000083b00000, 0x0000000083b00000|100%| O|  |TAMS 0x0000000083a00000| PB 0x0000000083a00000| Untracked 
|  59|0x0000000083b00000, 0x0000000083c00000, 0x0000000083c00000|100%| O|  |TAMS 0x0000000083b00000| PB 0x0000000083b00000| Untracked 
|  60|0x0000000083c00000, 0x0000000083d00000, 0x0000000083d00000|100%|HS|  |TAMS 0x0000000083c00000| PB 0x0000000083c00000| Complete 
|  61|0x0000000083d00000, 0x0000000083e00000, 0x0000000083e00000|100%|HC|  |TAMS 0x0000000083d00000| PB 0x0000000083d00000| Complete 
|  62|0x0000000083e00000, 0x0000000083f00000, 0x0000000083f00000|100%|HC|  |TAMS 0x0000000083e00000| PB 0x0000000083e00000| Complete 
|  63|0x0000000083f00000, 0x0000000084000000, 0x0000000084000000|100%|HC|  |TAMS 0x0000000083f00000| PB 0x0000000083f00000| Complete 
|  64|0x0000000084000000, 0x0000000084100000, 0x0000000084100000|100%|HC|  |TAMS 0x0000000084000000| PB 0x0000000084000000| Complete 
|  65|0x0000000084100000, 0x0000000084200000, 0x0000000084200000|100%|HC|  |TAMS 0x0000000084100000| PB 0x0000000084100000| Complete 
|  66|0x0000000084200000, 0x0000000084200000, 0x0000000084300000|  0%| F|  |TAMS 0x0000000084200000| PB 0x0000000084200000| Untracked 
|  67|0x0000000084300000, 0x0000000084300000, 0x0000000084400000|  0%| F|  |TAMS 0x0000000084300000| PB 0x0000000084300000| Untracked 
|  68|0x0000000084400000, 0x0000000084400000, 0x0000000084500000|  0%| F|  |TAMS 0x0000000084400000| PB 0x0000000084400000| Untracked 
|  69|0x0000000084500000, 0x0000000084500000, 0x0000000084600000|  0%| F|  |TAMS 0x0000000084500000| PB 0x0000000084500000| Untracked 
|  70|0x0000000084600000, 0x0000000084600000, 0x0000000084700000|  0%| F|  |TAMS 0x0000000084600000| PB 0x0000000084600000| Untracked 
|  71|0x0000000084700000, 0x0000000084700000, 0x0000000084800000|  0%| F|  |TAMS 0x0000000084700000| PB 0x0000000084700000| Untracked 
|  72|0x0000000084800000, 0x0000000084800000, 0x0000000084900000|  0%| F|  |TAMS 0x0000000084800000| PB 0x0000000084800000| Untracked 
|  73|0x0000000084900000, 0x0000000084900000, 0x0000000084a00000|  0%| F|  |TAMS 0x0000000084900000| PB 0x0000000084900000| Untracked 
|  74|0x0000000084a00000, 0x0000000084a00000, 0x0000000084b00000|  0%| F|  |TAMS 0x0000000084a00000| PB 0x0000000084a00000| Untracked 
|  75|0x0000000084b00000, 0x0000000084b00000, 0x0000000084c00000|  0%| F|  |TAMS 0x0000000084b00000| PB 0x0000000084b00000| Untracked 
|  76|0x0000000084c00000, 0x0000000084c00000, 0x0000000084d00000|  0%| F|  |TAMS 0x0000000084c00000| PB 0x0000000084c00000| Untracked 
|  77|0x0000000084d00000, 0x0000000084e00000, 0x0000000084e00000|100%|HS|  |TAMS 0x0000000084d00000| PB 0x0000000084d00000| Complete 
|  78|0x0000000084e00000, 0x0000000084f00000, 0x0000000084f00000|100%|HC|  |TAMS 0x0000000084e00000| PB 0x0000000084e00000| Complete 
|  79|0x0000000084f00000, 0x0000000085000000, 0x0000000085000000|100%|HC|  |TAMS 0x0000000084f00000| PB 0x0000000084f00000| Complete 
|  80|0x0000000085000000, 0x0000000085100000, 0x0000000085100000|100%|HC|  |TAMS 0x0000000085000000| PB 0x0000000085000000| Complete 
|  81|0x0000000085100000, 0x0000000085200000, 0x0000000085200000|100%|HC|  |TAMS 0x0000000085100000| PB 0x0000000085100000| Complete 
|  82|0x0000000085200000, 0x0000000085300000, 0x0000000085300000|100%|HC|  |TAMS 0x0000000085200000| PB 0x0000000085200000| Complete 
|  83|0x0000000085300000, 0x0000000085300000, 0x0000000085400000|  0%| F|  |TAMS 0x0000000085300000| PB 0x0000000085300000| Untracked 
|  84|0x0000000085400000, 0x0000000085400000, 0x0000000085500000|  0%| F|  |TAMS 0x0000000085400000| PB 0x0000000085400000| Untracked 
|  85|0x0000000085500000, 0x0000000085500000, 0x0000000085600000|  0%| F|  |TAMS 0x0000000085500000| PB 0x0000000085500000| Untracked 
|  86|0x0000000085600000, 0x0000000085600000, 0x0000000085700000|  0%| F|  |TAMS 0x0000000085600000| PB 0x0000000085600000| Untracked 
|  87|0x0000000085700000, 0x0000000085700000, 0x0000000085800000|  0%| F|  |TAMS 0x0000000085700000| PB 0x0000000085700000| Untracked 
|  88|0x0000000085800000, 0x0000000085800000, 0x0000000085900000|  0%| F|  |TAMS 0x0000000085800000| PB 0x0000000085800000| Untracked 
|  89|0x0000000085900000, 0x0000000085900000, 0x0000000085a00000|  0%| F|  |TAMS 0x0000000085900000| PB 0x0000000085900000| Untracked 
|  90|0x0000000085a00000, 0x0000000085a00000, 0x0000000085b00000|  0%| F|  |TAMS 0x0000000085a00000| PB 0x0000000085a00000| Untracked 
|  91|0x0000000085b00000, 0x0000000085b00000, 0x0000000085c00000|  0%| F|  |TAMS 0x0000000085b00000| PB 0x0000000085b00000| Untracked 
|  92|0x0000000085c00000, 0x0000000085c00000, 0x0000000085d00000|  0%| F|  |TAMS 0x0000000085c00000| PB 0x0000000085c00000| Untracked 
|  93|0x0000000085d00000, 0x0000000085d00000, 0x0000000085e00000|  0%| F|  |TAMS 0x0000000085d00000| PB 0x0000000085d00000| Untracked 
|  94|0x0000000085e00000, 0x0000000085e47300, 0x0000000085f00000| 27%| S|CS|TAMS 0x0000000085e00000| PB 0x0000000085e00000| Complete 
|  95|0x0000000085f00000, 0x0000000086000000, 0x0000000086000000|100%| S|CS|TAMS 0x0000000085f00000| PB 0x0000000085f00000| Complete 
|  96|0x0000000086000000, 0x0000000086100000, 0x0000000086100000|100%| S|CS|TAMS 0x0000000086000000| PB 0x0000000086000000| Complete 
|  97|0x0000000086100000, 0x0000000086200000, 0x0000000086200000|100%| S|CS|TAMS 0x0000000086100000| PB 0x0000000086100000| Complete 
|  98|0x0000000086200000, 0x0000000086200000, 0x0000000086300000|  0%| F|  |TAMS 0x0000000086200000| PB 0x0000000086200000| Untracked 
|  99|0x0000000086300000, 0x0000000086300000, 0x0000000086400000|  0%| F|  |TAMS 0x0000000086300000| PB 0x0000000086300000| Untracked 
| 100|0x0000000086400000, 0x0000000086400000, 0x0000000086500000|  0%| F|  |TAMS 0x0000000086400000| PB 0x0000000086400000| Untracked 
| 101|0x0000000086500000, 0x0000000086500000, 0x0000000086600000|  0%| F|  |TAMS 0x0000000086500000| PB 0x0000000086500000| Untracked 
| 102|0x0000000086600000, 0x0000000086600000, 0x0000000086700000|  0%| F|  |TAMS 0x0000000086600000| PB 0x0000000086600000| Untracked 
| 103|0x0000000086700000, 0x0000000086700000, 0x0000000086800000|  0%| F|  |TAMS 0x0000000086700000| PB 0x0000000086700000| Untracked 
| 104|0x0000000086800000, 0x0000000086800000, 0x0000000086900000|  0%| F|  |TAMS 0x0000000086800000| PB 0x0000000086800000| Untracked 
| 105|0x0000000086900000, 0x0000000086900000, 0x0000000086a00000|  0%| F|  |TAMS 0x0000000086900000| PB 0x0000000086900000| Untracked 
| 106|0x0000000086a00000, 0x0000000086a00000, 0x0000000086b00000|  0%| F|  |TAMS 0x0000000086a00000| PB 0x0000000086a00000| Untracked 
| 107|0x0000000086b00000, 0x0000000086b00000, 0x0000000086c00000|  0%| F|  |TAMS 0x0000000086b00000| PB 0x0000000086b00000| Untracked 
| 108|0x0000000086c00000, 0x0000000086c00000, 0x0000000086d00000|  0%| F|  |TAMS 0x0000000086c00000| PB 0x0000000086c00000| Untracked 
| 109|0x0000000086d00000, 0x0000000086d00000, 0x0000000086e00000|  0%| F|  |TAMS 0x0000000086d00000| PB 0x0000000086d00000| Untracked 
| 110|0x0000000086e00000, 0x0000000086e00000, 0x0000000086f00000|  0%| F|  |TAMS 0x0000000086e00000| PB 0x0000000086e00000| Untracked 
| 111|0x0000000086f00000, 0x0000000086f00000, 0x0000000087000000|  0%| F|  |TAMS 0x0000000086f00000| PB 0x0000000086f00000| Untracked 
| 112|0x0000000087000000, 0x0000000087000000, 0x0000000087100000|  0%| F|  |TAMS 0x0000000087000000| PB 0x0000000087000000| Untracked 
| 113|0x0000000087100000, 0x0000000087100000, 0x0000000087200000|  0%| F|  |TAMS 0x0000000087100000| PB 0x0000000087100000| Untracked 
| 114|0x0000000087200000, 0x0000000087200000, 0x0000000087300000|  0%| F|  |TAMS 0x0000000087200000| PB 0x0000000087200000| Untracked 
| 115|0x0000000087300000, 0x0000000087300000, 0x0000000087400000|  0%| F|  |TAMS 0x0000000087300000| PB 0x0000000087300000| Untracked 
| 116|0x0000000087400000, 0x0000000087400000, 0x0000000087500000|  0%| F|  |TAMS 0x0000000087400000| PB 0x0000000087400000| Untracked 
| 117|0x0000000087500000, 0x0000000087500000, 0x0000000087600000|  0%| F|  |TAMS 0x0000000087500000| PB 0x0000000087500000| Untracked 
| 118|0x0000000087600000, 0x0000000087600000, 0x0000000087700000|  0%| F|  |TAMS 0x0000000087600000| PB 0x0000000087600000| Untracked 
| 119|0x0000000087700000, 0x0000000087700000, 0x0000000087800000|  0%| F|  |TAMS 0x0000000087700000| PB 0x0000000087700000| Untracked 
| 120|0x0000000087800000, 0x0000000087800000, 0x0000000087900000|  0%| F|  |TAMS 0x0000000087800000| PB 0x0000000087800000| Untracked 
| 121|0x0000000087900000, 0x0000000087900000, 0x0000000087a00000|  0%| F|  |TAMS 0x0000000087900000| PB 0x0000000087900000| Untracked 
| 122|0x0000000087a00000, 0x0000000087a00000, 0x0000000087b00000|  0%| F|  |TAMS 0x0000000087a00000| PB 0x0000000087a00000| Untracked 
| 123|0x0000000087b00000, 0x0000000087b00000, 0x0000000087c00000|  0%| F|  |TAMS 0x0000000087b00000| PB 0x0000000087b00000| Untracked 
| 124|0x0000000087c00000, 0x0000000087d00000, 0x0000000087d00000|100%| E|  |TAMS 0x0000000087c00000| PB 0x0000000087c00000| Complete 
| 125|0x0000000087d00000, 0x0000000087e00000, 0x0000000087e00000|100%| E|CS|TAMS 0x0000000087d00000| PB 0x0000000087d00000| Complete 
| 126|0x0000000087e00000, 0x0000000087f00000, 0x0000000087f00000|100%| E|CS|TAMS 0x0000000087e00000| PB 0x0000000087e00000| Complete 
| 127|0x0000000087f00000, 0x0000000088000000, 0x0000000088000000|100%| E|CS|TAMS 0x0000000087f00000| PB 0x0000000087f00000| Complete 
| 128|0x0000000088000000, 0x0000000088100000, 0x0000000088100000|100%| E|CS|TAMS 0x0000000088000000| PB 0x0000000088000000| Complete 
| 129|0x0000000088100000, 0x0000000088200000, 0x0000000088200000|100%| E|CS|TAMS 0x0000000088100000| PB 0x0000000088100000| Complete 
| 130|0x0000000088200000, 0x0000000088300000, 0x0000000088300000|100%| E|CS|TAMS 0x0000000088200000| PB 0x0000000088200000| Complete 
| 157|0x0000000089d00000, 0x0000000089e00000, 0x0000000089e00000|100%| E|CS|TAMS 0x0000000089d00000| PB 0x0000000089d00000| Complete 
| 158|0x0000000089e00000, 0x0000000089f00000, 0x0000000089f00000|100%| E|CS|TAMS 0x0000000089e00000| PB 0x0000000089e00000| Complete 
| 159|0x0000000089f00000, 0x000000008a000000, 0x000000008a000000|100%| E|CS|TAMS 0x0000000089f00000| PB 0x0000000089f00000| Complete 
| 160|0x000000008a000000, 0x000000008a100000, 0x000000008a100000|100%| E|CS|TAMS 0x000000008a000000| PB 0x000000008a000000| Complete 
| 161|0x000000008a100000, 0x000000008a200000, 0x000000008a200000|100%| E|CS|TAMS 0x000000008a100000| PB 0x000000008a100000| Complete 
| 162|0x000000008a200000, 0x000000008a300000, 0x000000008a300000|100%| E|CS|TAMS 0x000000008a200000| PB 0x000000008a200000| Complete 
| 163|0x000000008a300000, 0x000000008a400000, 0x000000008a400000|100%| E|CS|TAMS 0x000000008a300000| PB 0x000000008a300000| Complete 
| 164|0x000000008a400000, 0x000000008a500000, 0x000000008a500000|100%| E|CS|TAMS 0x000000008a400000| PB 0x000000008a400000| Complete 
| 165|0x000000008a500000, 0x000000008a600000, 0x000000008a600000|100%| E|CS|TAMS 0x000000008a500000| PB 0x000000008a500000| Complete 
| 166|0x000000008a600000, 0x000000008a700000, 0x000000008a700000|100%| E|CS|TAMS 0x000000008a600000| PB 0x000000008a600000| Complete 
| 167|0x000000008a700000, 0x000000008a800000, 0x000000008a800000|100%| E|CS|TAMS 0x000000008a700000| PB 0x000000008a700000| Complete 
| 186|0x000000008ba00000, 0x000000008bb00000, 0x000000008bb00000|100%| E|CS|TAMS 0x000000008ba00000| PB 0x000000008ba00000| Complete 
| 187|0x000000008bb00000, 0x000000008bc00000, 0x000000008bc00000|100%| E|CS|TAMS 0x000000008bb00000| PB 0x000000008bb00000| Complete 
|2043|0x00000000ffb00000, 0x00000000ffc00000, 0x00000000ffc00000|100%| O|  |TAMS 0x00000000ffb00000| PB 0x00000000ffb00000| Untracked 
|2044|0x00000000ffc00000, 0x00000000ffd00000, 0x00000000ffd00000|100%| O|  |TAMS 0x00000000ffc00000| PB 0x00000000ffc00000| Untracked 
|2045|0x00000000ffd00000, 0x00000000ffe00000, 0x00000000ffe00000|100%| O|  |TAMS 0x00000000ffd00000| PB 0x00000000ffd00000| Untracked 
|2046|0x00000000ffe00000, 0x00000000fff00000, 0x00000000fff00000|100%| O|  |TAMS 0x00000000ffe00000| PB 0x00000000ffe00000| Untracked 
|2047|0x00000000fff00000, 0x0000000100000000, 0x0000000100000000|100%| O|  |TAMS 0x00000000fff00000| PB 0x00000000fff00000| Untracked 

Card table byte_map: [0x0000020d1bbc0000,0x0000020d1bfc0000] _byte_map_base: 0x0000020d1b7c0000

Marking Bits: (CMBitMap*) 0x0000020d093a4790
 Bits: [0x0000020d1bfc0000, 0x0000020d1dfc0000)

Polling page: 0x0000020d07130000

Metaspace:

Usage:
  Non-class:     55.97 MB used.
      Class:      8.88 MB used.
       Both:     64.85 MB used.

Virtual space:
  Non-class space:       64.00 MB reserved,      56.81 MB ( 89%) committed,  1 nodes.
      Class space:        1.00 GB reserved,       9.69 MB ( <1%) committed,  1 nodes.
             Both:        1.06 GB reserved,      66.50 MB (  6%) committed. 

Chunk freelists:
   Non-Class:  6.46 MB
       Class:  6.13 MB
        Both:  12.59 MB

MaxMetaspaceSize: unlimited
CompressedClassSpaceSize: 1.00 GB
Initial GC threshold: 21.00 MB
Current GC threshold: 94.69 MB
CDS: off
 - commit_granule_bytes: 65536.
 - commit_granule_words: 8192.
 - virtual_space_node_default_size: 8388608.
 - enlarge_chunks_in_place: 1.
 - use_allocation_guard: 0.


Internal statistics:

num_allocs_failed_limit: 9.
num_arena_births: 3162.
num_arena_deaths: 0.
num_vsnodes_births: 2.
num_vsnodes_deaths: 0.
num_space_committed: 1064.
num_space_uncommitted: 0.
num_chunks_returned_to_freelist: 9.
num_chunks_taken_from_freelist: 5941.
num_chunk_merges: 9.
num_chunk_splits: 3771.
num_chunks_enlarged: 2287.
num_inconsistent_stats: 0.

CodeHeap 'non-profiled nmethods': size=120000Kb used=3177Kb max_used=3177Kb free=116822Kb
 bounds [0x0000020d13f60000, 0x0000020d14280000, 0x0000020d1b490000]
CodeHeap 'profiled nmethods': size=120000Kb used=10839Kb max_used=10839Kb free=109160Kb
 bounds [0x0000020d0c490000, 0x0000020d0cf30000, 0x0000020d139c0000]
CodeHeap 'non-nmethods': size=5760Kb used=2952Kb max_used=3002Kb free=2807Kb
 bounds [0x0000020d139c0000, 0x0000020d13cc0000, 0x0000020d13f60000]
 total_blobs=6565 nmethods=5698 adapters=771
 compilation: enabled
              stopped_count=0, restarted_count=0
 full_count=0

Compilation events (20 events):
Event: 10.940 Thread 0x0000020d20c75ba0 6451       3       org.gradle.internal.logging.events.CategorisedOutputEvent::<init> (21 bytes)
Event: 10.940 Thread 0x0000020d20c75ba0 nmethod 6451 0x0000020d0ceef110 code [0x0000020d0ceef2c0, 0x0000020d0ceef540]
Event: 10.940 Thread 0x0000020d20c69ba0 nmethod 6443 0x0000020d14276d90 code [0x0000020d14277080, 0x0000020d14278750]
Event: 10.940 Thread 0x0000020d20c69ba0 6449       4       java.net.URLClassLoader$1::run (5 bytes)
Event: 10.987 Thread 0x0000020d20c75ba0 6455       3       org.gradle.internal.reflect.PropertyAccessorType::isSetterName (23 bytes)
Event: 10.988 Thread 0x0000020d20c75ba0 nmethod 6455 0x0000020d0ceef610 code [0x0000020d0ceef7e0, 0x0000020d0ceefb08]
Event: 10.988 Thread 0x0000020d20c75ba0 6458       3       org.gradle.internal.reflect.PropertyAccessorType::of (101 bytes)
Event: 10.990 Thread 0x0000020d20c75ba0 nmethod 6458 0x0000020d0ceefc90 code [0x0000020d0cef0000, 0x0000020d0cef16a8]
Event: 10.990 Thread 0x0000020d20c75ba0 6457       3       org.gradle.internal.reflect.PropertyAccessorType::isGetGetterName (23 bytes)
Event: 10.990 Thread 0x0000020d20c75ba0 nmethod 6457 0x0000020d0cef1e10 code [0x0000020d0cef1fe0, 0x0000020d0cef2308]
Event: 10.990 Thread 0x0000020d20c75ba0 6454       3       org.gradle.internal.reflect.PropertyAccessorType::isIsGetterName (23 bytes)
Event: 10.991 Thread 0x0000020d20c75ba0 nmethod 6454 0x0000020d0cef2490 code [0x0000020d0cef2660, 0x0000020d0cef2988]
Event: 10.991 Thread 0x0000020d20c75ba0 6459       3       org.gradle.internal.reflect.PropertyAccessorType::takesSingleParameter (14 bytes)
Event: 10.991 Thread 0x0000020d20c75ba0 nmethod 6459 0x0000020d0cef2b10 code [0x0000020d0cef2cc0, 0x0000020d0cef2e78]
Event: 10.991 Thread 0x0000020d20c75ba0 6456       3       org.gradle.internal.reflect.PropertyAccessorType::takesNoParameter (14 bytes)
Event: 10.991 Thread 0x0000020d20c75ba0 nmethod 6456 0x0000020d0cef2f90 code [0x0000020d0cef3140, 0x0000020d0cef3490]
Event: 10.992 Thread 0x0000020d20c75ba0 6461       3       org.gradle.api.internal.provider.AbstractMinimalProvider::<init> (5 bytes)
Event: 10.992 Thread 0x0000020d20c75ba0 nmethod 6461 0x0000020d0cef3610 code [0x0000020d0cef37a0, 0x0000020d0cef3908]
Event: 10.999 Thread 0x0000020d20c75ba0 6462       3       org.objectweb.asm.ClassReader::readCode (5117 bytes)
Event: 12.021 Thread 0x0000020d20c75ba0 nmethod 6462 0x0000020d0cef3a10 code [0x0000020d0cef5060, 0x0000020d0cf06898]

GC Heap History (20 events):
Event: 4.696 GC heap before
{Heap before GC invocations=7 (full 0):
 garbage-first heap   total 95232K, used 46529K [0x0000000080000000, 0x0000000100000000)
  region size 1024K, 12 young (12288K), 7 survivors (7168K)
 Metaspace       used 35416K, committed 36288K, reserved 1114112K
  class space    used 4752K, committed 5184K, reserved 1048576K
}
Event: 4.702 GC heap after
{Heap after GC invocations=8 (full 0):
 garbage-first heap   total 95232K, used 43848K [0x0000000080000000, 0x0000000100000000)
  region size 1024K, 1 young (1024K), 1 survivors (1024K)
 Metaspace       used 35416K, committed 36288K, reserved 1114112K
  class space    used 4752K, committed 5184K, reserved 1048576K
}
Event: 5.405 GC heap before
{Heap before GC invocations=9 (full 0):
 garbage-first heap   total 95232K, used 81736K [0x0000000080000000, 0x0000000100000000)
  region size 1024K, 38 young (38912K), 1 survivors (1024K)
 Metaspace       used 40275K, committed 41344K, reserved 1114112K
  class space    used 5533K, committed 6080K, reserved 1048576K
}
Event: 5.408 GC heap after
{Heap after GC invocations=10 (full 0):
 garbage-first heap   total 95232K, used 45364K [0x0000000080000000, 0x0000000100000000)
  region size 1024K, 3 young (3072K), 3 survivors (3072K)
 Metaspace       used 40275K, committed 41344K, reserved 1114112K
  class space    used 5533K, committed 6080K, reserved 1048576K
}
Event: 6.028 GC heap before
{Heap before GC invocations=10 (full 0):
 garbage-first heap   total 95232K, used 82228K [0x0000000080000000, 0x0000000100000000)
  region size 1024K, 39 young (39936K), 3 survivors (3072K)
 Metaspace       used 47453K, committed 48768K, reserved 1114112K
  class space    used 6459K, committed 7104K, reserved 1048576K
}
Event: 6.034 GC heap after
{Heap after GC invocations=11 (full 0):
 garbage-first heap   total 95232K, used 48154K [0x0000000080000000, 0x0000000100000000)
  region size 1024K, 5 young (5120K), 5 survivors (5120K)
 Metaspace       used 47453K, committed 48768K, reserved 1114112K
  class space    used 6459K, committed 7104K, reserved 1048576K
}
Event: 6.433 GC heap before
{Heap before GC invocations=11 (full 0):
 garbage-first heap   total 95232K, used 81946K [0x0000000080000000, 0x0000000100000000)
  region size 1024K, 39 young (39936K), 5 survivors (5120K)
 Metaspace       used 49625K, committed 50880K, reserved 1114112K
  class space    used 6683K, committed 7296K, reserved 1048576K
}
Event: 6.439 GC heap after
{Heap after GC invocations=12 (full 0):
 garbage-first heap   total 95232K, used 52052K [0x0000000080000000, 0x0000000100000000)
  region size 1024K, 4 young (4096K), 4 survivors (4096K)
 Metaspace       used 49625K, committed 50880K, reserved 1114112K
  class space    used 6683K, committed 7296K, reserved 1048576K
}
Event: 7.156 GC heap before
{Heap before GC invocations=13 (full 0):
 garbage-first heap   total 97280K, used 88916K [0x0000000080000000, 0x0000000100000000)
  region size 1024K, 35 young (35840K), 4 survivors (4096K)
 Metaspace       used 54023K, committed 55552K, reserved 1114112K
  class space    used 7289K, committed 8064K, reserved 1048576K
}
Event: 7.161 GC heap after
{Heap after GC invocations=14 (full 0):
 garbage-first heap   total 97280K, used 53743K [0x0000000080000000, 0x0000000100000000)
  region size 1024K, 3 young (3072K), 3 survivors (3072K)
 Metaspace       used 54023K, committed 55552K, reserved 1114112K
  class space    used 7289K, committed 8064K, reserved 1048576K
}
Event: 7.893 GC heap before
{Heap before GC invocations=14 (full 0):
 garbage-first heap   total 103424K, used 93679K [0x0000000080000000, 0x0000000100000000)
  region size 1024K, 35 young (35840K), 3 survivors (3072K)
 Metaspace       used 56322K, committed 57792K, reserved 1114112K
  class space    used 7641K, committed 8384K, reserved 1048576K
}
Event: 7.898 GC heap after
{Heap after GC invocations=15 (full 0):
 garbage-first heap   total 103424K, used 66403K [0x0000000080000000, 0x0000000100000000)
  region size 1024K, 5 young (5120K), 5 survivors (5120K)
 Metaspace       used 56322K, committed 57792K, reserved 1114112K
  class space    used 7641K, committed 8384K, reserved 1048576K
}
Event: 7.984 GC heap before
{Heap before GC invocations=15 (full 0):
 garbage-first heap   total 103424K, used 70499K [0x0000000080000000, 0x0000000100000000)
  region size 1024K, 10 young (10240K), 5 survivors (5120K)
 Metaspace       used 56508K, committed 58048K, reserved 1114112K
  class space    used 7676K, committed 8448K, reserved 1048576K
}
Event: 7.988 GC heap after
{Heap after GC invocations=16 (full 0):
 garbage-first heap   total 103424K, used 67992K [0x0000000080000000, 0x0000000100000000)
  region size 1024K, 2 young (2048K), 2 survivors (2048K)
 Metaspace       used 56508K, committed 58048K, reserved 1114112K
  class space    used 7676K, committed 8448K, reserved 1048576K
}
Event: 8.461 GC heap before
{Heap before GC invocations=17 (full 0):
 garbage-first heap   total 126976K, used 99736K [0x0000000080000000, 0x0000000100000000)
  region size 1024K, 26 young (26624K), 2 survivors (2048K)
 Metaspace       used 58583K, committed 60160K, reserved 1114112K
  class space    used 7844K, committed 8640K, reserved 1048576K
}
Event: 8.904 GC heap after
{Heap after GC invocations=18 (full 0):
 garbage-first heap   total 152576K, used 76707K [0x0000000080000000, 0x0000000100000000)
  region size 1024K, 4 young (4096K), 4 survivors (4096K)
 Metaspace       used 58583K, committed 60160K, reserved 1114112K
  class space    used 7844K, committed 8640K, reserved 1048576K
}
Event: 8.943 GC heap before
{Heap before GC invocations=18 (full 0):
 garbage-first heap   total 152576K, used 79779K [0x0000000080000000, 0x0000000100000000)
  region size 1024K, 7 young (7168K), 4 survivors (4096K)
 Metaspace       used 58727K, committed 60288K, reserved 1114112K
  class space    used 7867K, committed 8640K, reserved 1048576K
}
Event: 8.947 GC heap after
{Heap after GC invocations=19 (full 0):
 garbage-first heap   total 152576K, used 76500K [0x0000000080000000, 0x0000000100000000)
  region size 1024K, 1 young (1024K), 1 survivors (1024K)
 Metaspace       used 58727K, committed 60288K, reserved 1114112K
  class space    used 7867K, committed 8640K, reserved 1048576K
}
Event: 10.735 GC heap before
{Heap before GC invocations=19 (full 0):
 garbage-first heap   total 152576K, used 121556K [0x0000000080000000, 0x0000000100000000)
  region size 1024K, 46 young (47104K), 1 survivors (1024K)
 Metaspace       used 64355K, committed 65984K, reserved 1114112K
  class space    used 8740K, committed 9536K, reserved 1048576K
}
Event: 10.738 GC heap after
{Heap after GC invocations=20 (full 0):
 garbage-first heap   total 152576K, used 79391K [0x0000000080000000, 0x0000000100000000)
  region size 1024K, 4 young (4096K), 4 survivors (4096K)
 Metaspace       used 64355K, committed 65984K, reserved 1114112K
  class space    used 8740K, committed 9536K, reserved 1048576K
}

Dll operation events (3 events):
Event: 0.014 Loaded shared library C:\Program Files\Android\Android Studio\jbr\bin\java.dll
Event: 0.019 Loaded shared library C:\Program Files\Android\Android Studio\jbr\bin\zip.dll
Event: 0.681 Loaded shared library C:\Program Files\Android\Android Studio\jbr\bin\verify.dll

Deoptimization events (20 events):
Event: 10.910 Thread 0x0000020d26fe4d90 Uncommon trap: trap_request=0xffffffde fr.pc=0x0000020d141df758 relative=0x00000000000042b8
Event: 10.910 Thread 0x0000020d26fe4d90 Uncommon trap: reason=class_check action=maybe_recompile pc=0x0000020d141df758 method=java.net.URLClassLoader.defineClass(Ljava/lang/String;Ljdk/internal/loader/Resource;)Ljava/lang/Class; @ 34 c2
Event: 10.910 Thread 0x0000020d26fe4d90 DEOPT PACKING pc=0x0000020d141df758 sp=0x00000090519f7a50
Event: 10.910 Thread 0x0000020d26fe4d90 DEOPT UNPACKING pc=0x0000020d13a17da2 sp=0x00000090519f7868 mode 2
Event: 10.911 Thread 0x0000020d26fe4d90 Uncommon trap: trap_request=0xffffffde fr.pc=0x0000020d141df758 relative=0x00000000000042b8
Event: 10.911 Thread 0x0000020d26fe4d90 Uncommon trap: reason=class_check action=maybe_recompile pc=0x0000020d141df758 method=java.net.URLClassLoader.defineClass(Ljava/lang/String;Ljdk/internal/loader/Resource;)Ljava/lang/Class; @ 34 c2
Event: 10.911 Thread 0x0000020d26fe4d90 DEOPT PACKING pc=0x0000020d141df758 sp=0x00000090519f7a50
Event: 10.911 Thread 0x0000020d26fe4d90 DEOPT UNPACKING pc=0x0000020d13a17da2 sp=0x00000090519f7868 mode 2
Event: 10.912 Thread 0x0000020d26fe4d90 Uncommon trap: trap_request=0xffffffde fr.pc=0x0000020d141eef1c relative=0x000000000000419c
Event: 10.912 Thread 0x0000020d26fe4d90 Uncommon trap: reason=class_check action=maybe_recompile pc=0x0000020d141eef1c method=java.net.URLClassLoader.defineClass(Ljava/lang/String;Ljdk/internal/loader/Resource;)Ljava/lang/Class; @ 34 c2
Event: 10.912 Thread 0x0000020d26fe4d90 DEOPT PACKING pc=0x0000020d141eef1c sp=0x00000090519f79a0
Event: 10.912 Thread 0x0000020d26fe4d90 DEOPT UNPACKING pc=0x0000020d13a17da2 sp=0x00000090519f7910 mode 2
Event: 10.913 Thread 0x0000020d26fe4d90 Uncommon trap: trap_request=0xffffffde fr.pc=0x0000020d14222a78 relative=0x0000000000004218
Event: 10.913 Thread 0x0000020d26fe4d90 Uncommon trap: reason=class_check action=maybe_recompile pc=0x0000020d14222a78 method=java.net.URLClassLoader.defineClass(Ljava/lang/String;Ljdk/internal/loader/Resource;)Ljava/lang/Class; @ 34 c2
Event: 10.913 Thread 0x0000020d26fe4d90 DEOPT PACKING pc=0x0000020d14222a78 sp=0x00000090519f7930
Event: 10.913 Thread 0x0000020d26fe4d90 DEOPT UNPACKING pc=0x0000020d13a17da2 sp=0x00000090519f7908 mode 2
Event: 10.987 Thread 0x0000020d26fe4d90 Uncommon trap: trap_request=0xffffff45 fr.pc=0x0000020d13fe506c relative=0x00000000000003cc
Event: 10.987 Thread 0x0000020d26fe4d90 Uncommon trap: reason=unstable_if action=reinterpret pc=0x0000020d13fe506c method=org.gradle.internal.reflect.PropertyAccessorType.isGetGetterName(Ljava/lang/String;)Z @ 14 c2
Event: 10.987 Thread 0x0000020d26fe4d90 DEOPT PACKING pc=0x0000020d13fe506c sp=0x00000090519f8350
Event: 10.987 Thread 0x0000020d26fe4d90 DEOPT UNPACKING pc=0x0000020d13a17da2 sp=0x00000090519f82a8 mode 2

Classes loaded (20 events):
Event: 10.732 Loading class java/util/IdentityHashMap$EntrySet done
Event: 10.732 Loading class java/util/IdentityHashMap$EntryIterator
Event: 10.732 Loading class java/util/IdentityHashMap$IdentityHashMapIterator
Event: 10.732 Loading class java/util/IdentityHashMap$IdentityHashMapIterator done
Event: 10.732 Loading class java/util/IdentityHashMap$EntryIterator done
Event: 10.732 Loading class java/util/IdentityHashMap$EntryIterator$Entry
Event: 10.732 Loading class java/util/IdentityHashMap$EntryIterator$Entry done
Event: 10.780 Loading class java/lang/invoke/SerializedLambda$1
Event: 10.780 Loading class java/lang/invoke/SerializedLambda$1 done
Event: 10.799 Loading class org/xml/sax/Locator
Event: 10.799 Loading class org/xml/sax/Locator done
Event: 10.800 Loading class org/xml/sax/SAXParseException
Event: 10.800 Loading class org/xml/sax/SAXParseException done
Event: 10.800 Loading class org/xml/sax/Attributes
Event: 10.800 Loading class org/xml/sax/Attributes done
Event: 10.885 Loading class java/util/DualPivotQuicksort
Event: 10.886 Loading class java/util/DualPivotQuicksort done
Event: 10.982 Loading class java/util/function/LongUnaryOperator
Event: 10.982 Loading class java/util/function/LongUnaryOperator done
Event: 12.264 Loading class java/util/concurrent/LinkedBlockingDeque$Itr

Classes unloaded (0 events):
No events

Classes redefined (0 events):
No events

Internal exceptions (20 events):
Event: 9.238 Thread 0x0000020d26fe4d90 Exception <a 'sun/nio/fs/WindowsException'{0x00000000881f2ef8}> (0x00000000881f2ef8) 
thrown [s\src\hotspot\share\prims\jni.cpp, line 535]
Event: 9.239 Thread 0x0000020d26fe4d90 Exception <a 'sun/nio/fs/WindowsException'{0x0000000088000a70}> (0x0000000088000a70) 
thrown [s\src\hotspot\share\prims\jni.cpp, line 535]
Event: 10.727 Thread 0x0000020d26fe4d90 Exception <a 'java/lang/NoSuchMethodError'{0x0000000086268540}: 'void java.lang.invoke.DelegatingMethodHandle$Holder.reinvoke_L(java.lang.Object, java.lang.Object, int)'> (0x0000000086268540) 
thrown [s\src\hotspot\share\interpreter\linkResolver.cpp, line 784]
Event: 10.727 Thread 0x0000020d26fe4d90 Exception <a 'java/lang/NoSuchMethodError'{0x000000008626fe40}: 'int java.lang.invoke.Invokers$Holder.invokeExact_MT(java.lang.Object, java.lang.Object, java.lang.Object)'> (0x000000008626fe40) 
thrown [s\src\hotspot\share\interpreter\linkResolver.cpp, line 784]
Event: 10.729 Thread 0x0000020d26fe4d90 Exception <a 'java/lang/NoSuchMethodError'{0x000000008627fe08}: 'long java.lang.invoke.DelegatingMethodHandle$Holder.reinvoke_L(java.lang.Object, java.lang.Object)'> (0x000000008627fe08) 
thrown [s\src\hotspot\share\interpreter\linkResolver.cpp, line 784]
Event: 10.729 Thread 0x0000020d26fe4d90 Exception <a 'java/lang/NoSuchMethodError'{0x000000008628a730}: 'void java.lang.invoke.DelegatingMethodHandle$Holder.reinvoke_L(java.lang.Object, java.lang.Object, long)'> (0x000000008628a730) 
thrown [s\src\hotspot\share\interpreter\linkResolver.cpp, line 784]
Event: 10.729 Thread 0x0000020d26fe4d90 Exception <a 'java/lang/NoSuchMethodError'{0x00000000862921c8}: 'long java.lang.invoke.Invokers$Holder.invokeExact_MT(java.lang.Object, java.lang.Object, java.lang.Object)'> (0x00000000862921c8) 
thrown [s\src\hotspot\share\interpreter\linkResolver.cpp, line 784]
Event: 10.769 Thread 0x0000020d26fe4d90 Exception <a 'java/lang/NoSuchMethodError'{0x000000008a73ec48}: 'void java.lang.invoke.Invokers$Holder.invokeExact_MT(java.lang.Object, java.lang.Object, java.lang.Object, java.lang.Object)'> (0x000000008a73ec48) 
thrown [s\src\hotspot\share\interpreter\linkResolver.cpp, line 784]
Event: 10.775 Thread 0x0000020d26fe4d90 Exception <a 'java/lang/ClassNotFoundException'{0x000000008a7aa148}: org/gradle/internal/serialize/codecs/core/ClosureCodec$BrokenScriptBeanInfo> (0x000000008a7aa148) 
thrown [s\src\hotspot\share\classfile\systemDictionary.cpp, line 312]
Event: 10.775 Thread 0x0000020d26fe4d90 Exception <a 'java/lang/ClassNotFoundException'{0x000000008a7b86d0}: org/gradle/internal/serialize/codecs/core/ClosureCodec$BrokenScriptCustomizer> (0x000000008a7b86d0) 
thrown [s\src\hotspot\share\classfile\systemDictionary.cpp, line 312]
Event: 10.777 Thread 0x0000020d26fe4d90 Exception <a 'java/lang/ClassNotFoundException'{0x000000008a7d2448}: org/gradle/api/invocation/GradleBeanInfo> (0x000000008a7d2448) 
thrown [s\src\hotspot\share\classfile\systemDictionary.cpp, line 312]
Event: 10.777 Thread 0x0000020d26fe4d90 Exception <a 'java/lang/ClassNotFoundException'{0x000000008a7ddd58}: org/gradle/api/invocation/GradleCustomizer> (0x000000008a7ddd58) 
thrown [s\src\hotspot\share\classfile\systemDictionary.cpp, line 312]
Event: 10.779 Thread 0x0000020d26fe4d90 Exception <a 'java/lang/NoSuchMethodError'{0x000000008a600320}: 'void java.lang.invoke.Invokers$Holder.invokeExact_MT(java.lang.Object, java.lang.Object, int, java.lang.Object)'> (0x000000008a600320) 
thrown [s\src\hotspot\share\interpreter\linkResolver.cpp, line 784]
Event: 10.782 Thread 0x0000020d26fe4d90 Exception <a 'java/lang/NoSuchMethodError'{0x000000008a622548}: 'void java.lang.invoke.Invokers$Holder.invokeExact_MT(java.lang.Object, java.lang.Object, long, java.lang.Object)'> (0x000000008a622548) 
thrown [s\src\hotspot\share\interpreter\linkResolver.cpp, line 784]
Event: 10.794 Thread 0x0000020d26fe4d90 Exception <a 'java/lang/ClassNotFoundException'{0x000000008a5444f8}: org/gradle/api/internal/project/DefaultProject_DecoratedBeanInfo> (0x000000008a5444f8) 
thrown [s\src\hotspot\share\classfile\systemDictionary.cpp, line 312]
Event: 10.794 Thread 0x0000020d26fe4d90 Exception <a 'java/lang/ClassNotFoundException'{0x000000008a54ff68}: org/gradle/api/internal/project/DefaultProjectBeanInfo> (0x000000008a54ff68) 
thrown [s\src\hotspot\share\classfile\systemDictionary.cpp, line 312]
Event: 10.794 Thread 0x0000020d26fe4d90 Exception <a 'java/lang/ClassNotFoundException'{0x000000008a55ba40}: org/gradle/api/internal/project/DefaultProjectCustomizer> (0x000000008a55ba40) 
thrown [s\src\hotspot\share\classfile\systemDictionary.cpp, line 312]
Event: 10.797 Thread 0x0000020d26fe4d90 Exception <a 'java/lang/ClassNotFoundException'{0x000000008a41a0c8}: org/gradle/api/internal/project/DefaultProject_DecoratedCustomizer> (0x000000008a41a0c8) 
thrown [s\src\hotspot\share\classfile\systemDictionary.cpp, line 312]
Event: 10.897 Thread 0x0000020d26fe4d90 Exception <a 'java/lang/NoSuchMethodError'{0x0000000089fe7800}: 'java.lang.Object java.lang.invoke.DirectMethodHandle$Holder.invokeInterface(java.lang.Object, java.lang.Object, int)'> (0x0000000089fe7800) 
thrown [s\src\hotspot\share\interpreter\linkResolver.cpp, line 784]
Event: 10.983 Thread 0x0000020d26fe4d90 Exception <a 'java/lang/NoSuchMethodError'{0x00000000881c5698}: 'long java.lang.invoke.DirectMethodHandle$Holder.invokeStatic(java.lang.Object, long)'> (0x00000000881c5698) 
thrown [s\src\hotspot\share\interpreter\linkResolver.cpp, line 784]

ZGC Phase Switch (0 events):
No events

VM Operations (20 events):
Event: 8.461 Executing VM operation: G1CollectForAllocation (G1 Evacuation Pause)
Event: 8.904 Executing VM operation: G1CollectForAllocation (G1 Evacuation Pause) done
Event: 8.943 Executing VM operation: G1CollectForAllocation (G1 Evacuation Pause)
Event: 8.947 Executing VM operation: G1CollectForAllocation (G1 Evacuation Pause) done
Event: 9.376 Executing VM operation: ICBufferFull
Event: 9.376 Executing VM operation: ICBufferFull done
Event: 9.387 Executing VM operation: HandshakeAllThreads (Deoptimize)
Event: 9.387 Executing VM operation: HandshakeAllThreads (Deoptimize) done
Event: 9.515 Executing VM operation: HandshakeAllThreads (Deoptimize)
Event: 9.515 Executing VM operation: HandshakeAllThreads (Deoptimize) done
Event: 10.515 Executing VM operation: Cleanup
Event: 10.570 Executing VM operation: Cleanup done
Event: 10.633 Executing VM operation: HandshakeAllThreads (Deoptimize)
Event: 10.633 Executing VM operation: HandshakeAllThreads (Deoptimize) done
Event: 10.735 Executing VM operation: G1CollectForAllocation (G1 Evacuation Pause)
Event: 10.738 Executing VM operation: G1CollectForAllocation (G1 Evacuation Pause) done
Event: 10.751 Executing VM operation: HandshakeAllThreads (Deoptimize)
Event: 10.751 Executing VM operation: HandshakeAllThreads (Deoptimize) done
Event: 11.752 Executing VM operation: Cleanup
Event: 12.012 Executing VM operation: Cleanup done

Memory protections (0 events):
No events

Nmethod flushes (20 events):
Event: 8.026 Thread 0x0000020d20bb2a90 flushing  nmethod 0x0000020d0c5aef90
Event: 8.026 Thread 0x0000020d20bb2a90 flushing  nmethod 0x0000020d0c617b10
Event: 8.026 Thread 0x0000020d20bb2a90 flushing  nmethod 0x0000020d0c65fa10
Event: 8.026 Thread 0x0000020d20bb2a90 flushing  nmethod 0x0000020d0c660210
Event: 8.026 Thread 0x0000020d20bb2a90 flushing  nmethod 0x0000020d0c6ca190
Event: 8.026 Thread 0x0000020d20bb2a90 flushing  nmethod 0x0000020d0c765990
Event: 8.026 Thread 0x0000020d20bb2a90 flushing  nmethod 0x0000020d0c766f10
Event: 8.026 Thread 0x0000020d20bb2a90 flushing  nmethod 0x0000020d0c767310
Event: 8.026 Thread 0x0000020d20bb2a90 flushing  nmethod 0x0000020d0c76b310
Event: 8.026 Thread 0x0000020d20bb2a90 flushing  nmethod 0x0000020d0c78c790
Event: 8.026 Thread 0x0000020d20bb2a90 flushing  nmethod 0x0000020d0c833c90
Event: 8.026 Thread 0x0000020d20bb2a90 flushing  nmethod 0x0000020d0c836890
Event: 8.026 Thread 0x0000020d20bb2a90 flushing  nmethod 0x0000020d0c83ad10
Event: 8.026 Thread 0x0000020d20bb2a90 flushing  nmethod 0x0000020d0c87dd90
Event: 8.026 Thread 0x0000020d20bb2a90 flushing  nmethod 0x0000020d0c998710
Event: 8.026 Thread 0x0000020d20bb2a90 flushing  nmethod 0x0000020d0c9c5a10
Event: 8.026 Thread 0x0000020d20bb2a90 flushing  nmethod 0x0000020d0c9c7810
Event: 8.026 Thread 0x0000020d20bb2a90 flushing  nmethod 0x0000020d0cbf1510
Event: 8.026 Thread 0x0000020d20bb2a90 flushing  nmethod 0x0000020d0cbf1a90
Event: 8.026 Thread 0x0000020d20bb2a90 flushing  nmethod 0x0000020d0cc1d710

Events (20 events):
Event: 7.396 Thread 0x0000020d26fe4d90 Thread added: 0x0000020d292dddb0
Event: 7.398 Thread 0x0000020d26fe4d90 Thread added: 0x0000020d292df160
Event: 7.456 Thread 0x0000020d26fe4d90 Thread added: 0x0000020d292df7f0
Event: 7.457 Thread 0x0000020d26fe4d90 Thread added: 0x0000020d292dc370
Event: 7.673 Thread 0x0000020d26fe4d90 Thread added: 0x0000020d292dca00
Event: 7.674 Thread 0x0000020d26fe4d90 Thread added: 0x0000020d2970c670
Event: 7.674 Thread 0x0000020d26fe4d90 Thread added: 0x0000020d2970d390
Event: 7.675 Thread 0x0000020d26fe4d90 Thread added: 0x0000020d2970da20
Event: 7.675 Thread 0x0000020d26fe4d90 Thread added: 0x0000020d2970f460
Event: 7.676 Thread 0x0000020d26fe4d90 Thread added: 0x0000020d2970faf0
Event: 7.676 Thread 0x0000020d26fe4d90 Thread added: 0x0000020d29710180
Event: 7.713 Thread 0x0000020d26fe4d90 Thread added: 0x0000020d2970cd00
Event: 7.714 Thread 0x0000020d26fe4d90 Thread added: 0x0000020d29711530
Event: 7.716 Thread 0x0000020d26fe4d90 Thread added: 0x0000020d29710810
Event: 7.717 Thread 0x0000020d26fe4d90 Thread added: 0x0000020d29710ea0
Event: 7.717 Thread 0x0000020d26fe4d90 Thread added: 0x0000020d2970e0b0
Event: 7.718 Thread 0x0000020d26fe4d90 Thread added: 0x0000020d29711bc0
Event: 7.718 Thread 0x0000020d26fe4d90 Thread added: 0x0000020d2970e740
Event: 9.873 Thread 0x0000020d20c754d0 Thread exited: 0x0000020d20c754d0
Event: 10.799 Thread 0x0000020d20c75ba0 Thread added: 0x0000020d20c754d0


Dynamic libraries:
0x00007ff7879d0000 - 0x00007ff7879da000 	C:\Program Files\Android\Android Studio\jbr\bin\java.exe
0x00007ffacb8a0000 - 0x00007ffacbb03000 	C:\WINDOWS\SYSTEM32\ntdll.dll
0x00007ffacabc0000 - 0x00007ffacac88000 	C:\WINDOWS\System32\KERNEL32.DLL
0x00007ffac8f50000 - 0x00007ffac9302000 	C:\WINDOWS\System32\KERNELBASE.dll
0x00007ffac9310000 - 0x00007ffac945b000 	C:\WINDOWS\System32\ucrtbase.dll
0x00007ffaaa350000 - 0x00007ffaaa36b000 	C:\Program Files\Android\Android Studio\jbr\bin\VCRUNTIME140.dll
0x00007ffa83870000 - 0x00007ffa83888000 	C:\Program Files\Android\Android Studio\jbr\bin\jli.dll
0x00007ffaca6f0000 - 0x00007ffaca8b8000 	C:\WINDOWS\System32\USER32.dll
0x00007ffaaef30000 - 0x00007ffaaf1c0000 	C:\WINDOWS\WinSxS\amd64_microsoft.windows.common-controls_6595b64144ccf1df_6.0.26100.2454_none_3e0b68a2e331ad60\COMCTL32.dll
0x00007ffac8c70000 - 0x00007ffac8c97000 	C:\WINDOWS\System32\win32u.dll
0x00007ffacb310000 - 0x00007ffacb33a000 	C:\WINDOWS\System32\GDI32.dll
0x00007ffacb3c0000 - 0x00007ffacb469000 	C:\WINDOWS\System32\msvcrt.dll
0x00007ffac8ca0000 - 0x00007ffac8dcb000 	C:\WINDOWS\System32\gdi32full.dll
0x00007ffac95c0000 - 0x00007ffac9663000 	C:\WINDOWS\System32\msvcp_win.dll
0x00007ffacb6f0000 - 0x00007ffacb71f000 	C:\WINDOWS\System32\IMM32.DLL
0x00007ffaaa340000 - 0x00007ffaaa34c000 	C:\Program Files\Android\Android Studio\jbr\bin\vcruntime140_1.dll
0x00007ffa7ecf0000 - 0x00007ffa7ed7d000 	C:\Program Files\Android\Android Studio\jbr\bin\msvcp140.dll
0x00007ffa851f0000 - 0x00007ffa85e73000 	C:\Program Files\Android\Android Studio\jbr\bin\server\jvm.dll
0x00007ffac9e10000 - 0x00007ffac9ec4000 	C:\WINDOWS\System32\ADVAPI32.dll
0x00007ffaca8c0000 - 0x00007ffaca966000 	C:\WINDOWS\System32\sechost.dll
0x00007ffacb740000 - 0x00007ffacb856000 	C:\WINDOWS\System32\RPCRT4.dll
0x00007ffacb340000 - 0x00007ffacb3b4000 	C:\WINDOWS\System32\WS2_32.dll
0x00007ffac8a50000 - 0x00007ffac8a9e000 	C:\WINDOWS\SYSTEM32\POWRPROF.dll
0x00007ffabb1a0000 - 0x00007ffabb1d6000 	C:\WINDOWS\SYSTEM32\WINMM.dll
0x00007ffac1550000 - 0x00007ffac155b000 	C:\WINDOWS\SYSTEM32\VERSION.dll
0x00007ffac8920000 - 0x00007ffac8934000 	C:\WINDOWS\SYSTEM32\UMPDC.dll
0x00007ffac7ab0000 - 0x00007ffac7aca000 	C:\WINDOWS\SYSTEM32\kernel.appcore.dll
0x00007ffaaa330000 - 0x00007ffaaa33a000 	C:\Program Files\Android\Android Studio\jbr\bin\jimage.dll
0x00007ffac5fd0000 - 0x00007ffac6211000 	C:\WINDOWS\SYSTEM32\DBGHELP.DLL
0x00007ffaca360000 - 0x00007ffaca6de000 	C:\WINDOWS\System32\combase.dll
0x00007ffacaad0000 - 0x00007ffacaba6000 	C:\WINDOWS\System32\OLEAUT32.dll
0x00007ffaa04e0000 - 0x00007ffaa0519000 	C:\WINDOWS\SYSTEM32\dbgcore.DLL
0x00007ffac9460000 - 0x00007ffac94f9000 	C:\WINDOWS\System32\bcryptPrimitives.dll
0x00007ffa9fff0000 - 0x00007ffa9fffe000 	C:\Program Files\Android\Android Studio\jbr\bin\instrument.dll
0x00007ffaaa310000 - 0x00007ffaaa330000 	C:\Program Files\Android\Android Studio\jbr\bin\java.dll
0x00007ffaaa2f0000 - 0x00007ffaaa308000 	C:\Program Files\Android\Android Studio\jbr\bin\zip.dll
0x00007ffac9700000 - 0x00007ffac9e01000 	C:\WINDOWS\System32\SHELL32.dll
0x00007ffac6950000 - 0x00007ffac7181000 	C:\WINDOWS\SYSTEM32\windows.storage.dll
0x00007ffaca1a0000 - 0x00007ffaca27a000 	C:\WINDOWS\System32\SHCORE.dll
0x00007ffacb5d0000 - 0x00007ffacb62d000 	C:\WINDOWS\System32\shlwapi.dll
0x00007ffac8b80000 - 0x00007ffac8bae000 	C:\WINDOWS\SYSTEM32\profapi.dll
0x00007ffaaa2e0000 - 0x00007ffaaa2f0000 	C:\Program Files\Android\Android Studio\jbr\bin\net.dll
0x00007ffac4ef0000 - 0x00007ffac5016000 	C:\WINDOWS\SYSTEM32\WINHTTP.dll
0x00007ffac7fb0000 - 0x00007ffac8018000 	C:\WINDOWS\system32\mswsock.dll
0x00007ffaaa2c0000 - 0x00007ffaaa2d6000 	C:\Program Files\Android\Android Studio\jbr\bin\nio.dll
0x00007ffa8de90000 - 0x00007ffa8dea0000 	C:\Program Files\Android\Android Studio\jbr\bin\verify.dll
0x00007ffa83540000 - 0x00007ffa83567000 	C:\Users\Pierr\.gradle\native\c067742578af261105cb4f569cf0c3c89f3d7b1fecec35dd04571415982c5e48\windows-amd64\native-platform.dll
0x00007ffa7e6e0000 - 0x00007ffa7e824000 	C:\Users\Pierr\.gradle\native\100fb08df4bc3b14c8652ba06237920a3bd2aa13389f12d3474272988ae205f9\windows-amd64\native-platform-file-events.dll
0x00007ffaaa2a0000 - 0x00007ffaaa2a9000 	C:\Program Files\Android\Android Studio\jbr\bin\management.dll
0x00007ffa9fe80000 - 0x00007ffa9fe8b000 	C:\Program Files\Android\Android Studio\jbr\bin\management_ext.dll
0x00007ffacabb0000 - 0x00007ffacabb8000 	C:\WINDOWS\System32\PSAPI.DLL
0x00007ffac8250000 - 0x00007ffac826c000 	C:\WINDOWS\SYSTEM32\CRYPTSP.dll
0x00007ffac7a10000 - 0x00007ffac7a48000 	C:\WINDOWS\system32\rsaenh.dll
0x00007ffac8050000 - 0x00007ffac807b000 	C:\WINDOWS\SYSTEM32\USERENV.dll
0x00007ffac8490000 - 0x00007ffac84b6000 	C:\WINDOWS\SYSTEM32\bcrypt.dll
0x00007ffac8270000 - 0x00007ffac827c000 	C:\WINDOWS\SYSTEM32\CRYPTBASE.dll
0x00007ffac7560000 - 0x00007ffac7592000 	C:\WINDOWS\SYSTEM32\IPHLPAPI.DLL
0x00007ffaca0a0000 - 0x00007ffaca0aa000 	C:\WINDOWS\System32\NSI.dll
0x00007ffaaa2b0000 - 0x00007ffaaa2b9000 	C:\Program Files\Android\Android Studio\jbr\bin\extnet.dll
0x00007ffabe970000 - 0x00007ffabe978000 	C:\WINDOWS\system32\wshunix.dll

dbghelp: loaded successfully - version: 4.0.5 - missing functions: none
symbol engine: initialized successfully - sym options: 0x614 - pdb path: .;C:\Program Files\Android\Android Studio\jbr\bin;C:\WINDOWS\SYSTEM32;C:\WINDOWS\WinSxS\amd64_microsoft.windows.common-controls_6595b64144ccf1df_6.0.26100.2454_none_3e0b68a2e331ad60;C:\Program Files\Android\Android Studio\jbr\bin\server;C:\Users\Pierr\.gradle\native\c067742578af261105cb4f569cf0c3c89f3d7b1fecec35dd04571415982c5e48\windows-amd64;C:\Users\Pierr\.gradle\native\100fb08df4bc3b14c8652ba06237920a3bd2aa13389f12d3474272988ae205f9\windows-amd64

VM Arguments:
jvm_args: --add-exports=jdk.compiler/com.sun.tools.javac.util=ALL-UNNAMED --add-opens=java.base/java.util.concurrent.atomic=ALL-UNNAMED --add-opens=java.base/java.util=ALL-UNNAMED --add-opens=java.base/java.lang=ALL-UNNAMED --add-opens=java.base/java.lang.invoke=ALL-UNNAMED --add-opens=java.prefs/java.util.prefs=ALL-UNNAMED --add-exports=jdk.compiler/com.sun.tools.javac.api=ALL-UNNAMED --add-exports=jdk.compiler/com.sun.tools.javac.util=ALL-UNNAMED --add-opens=java.base/java.nio.charset=ALL-UNNAMED --add-opens=java.base/java.net=ALL-UNNAMED --add-opens=java.base/java.util.concurrent.atomic=ALL-UNNAMED -Xmx2048m -Dfile.encoding=UTF-8 -Duser.country=FR -Duser.language=fr -Duser.variant -javaagent:C:\Users\Pierr\.gradle\wrapper\dists\gradle-8.10.2-bin\a04bxjujx95o3nb99gddekhwo\gradle-8.10.2\lib\agents\gradle-instrumentation-agent-8.10.2.jar 
java_command: org.gradle.launcher.daemon.bootstrap.GradleDaemon 8.10.2
java_class_path (initial): C:\Users\Pierr\.gradle\wrapper\dists\gradle-8.10.2-bin\a04bxjujx95o3nb99gddekhwo\gradle-8.10.2\lib\gradle-daemon-main-8.10.2.jar
Launcher Type: SUN_STANDARD

[Global flags]
     intx CICompilerCount                          = 4                                         {product} {ergonomic}
     uint ConcGCThreads                            = 2                                         {product} {ergonomic}
     uint G1ConcRefinementThreads                  = 8                                         {product} {ergonomic}
   size_t G1HeapRegionSize                         = 1048576                                   {product} {ergonomic}
    uintx GCDrainStackTargetSize                   = 64                                        {product} {ergonomic}
   size_t InitialHeapSize                          = 197132288                                 {product} {ergonomic}
   size_t MarkStackSize                            = 4194304                                   {product} {ergonomic}
   size_t MaxHeapSize                              = 2147483648                                {product} {command line}
   size_t MaxNewSize                               = 1287651328                                {product} {ergonomic}
   size_t MinHeapDeltaBytes                        = 1048576                                   {product} {ergonomic}
   size_t MinHeapSize                              = 8388608                                   {product} {ergonomic}
    uintx NonNMethodCodeHeapSize                   = 5839372                                {pd product} {ergonomic}
    uintx NonProfiledCodeHeapSize                  = 122909434                              {pd product} {ergonomic}
    uintx ProfiledCodeHeapSize                     = 122909434                              {pd product} {ergonomic}
    uintx ReservedCodeCacheSize                    = 251658240                              {pd product} {ergonomic}
     bool SegmentedCodeCache                       = true                                      {product} {ergonomic}
   size_t SoftMaxHeapSize                          = 2147483648                             {manageable} {ergonomic}
     bool UseCompressedOops                        = true                           {product lp64_product} {ergonomic}
     bool UseG1GC                                  = true                                      {product} {ergonomic}
     bool UseLargePagesIndividualAllocation        = false                                  {pd product} {ergonomic}

Logging:
Log output configuration:
 #0: stdout all=warning uptime,level,tags foldmultilines=false
 #1: stderr all=off uptime,level,tags foldmultilines=false

Environment Variables:
PATH=C:\Python312\Scripts\;C:\Python312\;C:\Program Files\Common Files\Oracle\Java\javapath;C:\Program Files\Microsoft\jdk-11.0.16.101-hotspot\bin;C:\WINDOWS\system32;C:\WINDOWS;C:\WINDOWS\System32\Wbem;C:\WINDOWS\System32\WindowsPowerShell\v1.0\;C:\WINDOWS\System32\OpenSSH\;C:\Program Files\dotnet\;C:\Program Files\nodejs\;C:\ProgramData\chocolatey\bin;C:\Program Files\Git\cmd;C:\Program Files\PHP;C:\composer;C:\Program Files (x86)\Windows Kits\10\Windows Performance Toolkit\;C:\Users\Pierr\AppData\Local\Microsoft\WindowsApps;C:\Users\Pierr\AppData\Local\Programs\Microsoft VS Code\bin;C:\MinGW\bin;C:\Users\Pierr\.dotnet\tools;C:\Program Files\JetBrains\CLion 2023.2.2\bin;C:\Users\Pierr\AppData\Roaming\npm;C:\Program Files\PHP;C:\Users\Pierr\AppData\Local\JetBrains\Toolbox\scripts;C:\Users\Pierr\AppData\Roaming\Composer\vendor\bin;C:\Users\Pierr\AppData\Local\Microsoft\WindowsApps;C:\Users\Pierr\.dotnet\tools
USERNAME=Pierr
OS=Windows_NT
PROCESSOR_IDENTIFIER=Intel64 Family 6 Model 140 Stepping 1, GenuineIntel
TMP=C:\Users\Pierr\AppData\Local\Temp
TEMP=C:\Users\Pierr\AppData\Local\Temp




Periodic native trim disabled

JNI global refs:
JNI global refs: 27, weak refs: 7

JNI global refs memory usage: 835, weak refs: 833

Process memory usage:
Resident Set Size: 345428K (2% of 12266968K total physical memory with 452716K free physical memory)

OOME stack traces (most recent first):
Classloader memory used:
Loader org.gradle.internal.classloader.VisitableURLClassLoader                         : 31601K
Loader bootstrap                                                                       : 22889K
Loader org.gradle.initialization.MixInLegacyTypesClassLoader                           : 9213K
Loader org.gradle.internal.classloader.VisitableURLClassLoader                         : 842K
Loader org.gradle.internal.classloader.VisitableURLClassLoader$InstrumentingVisitableURLClassLoader: 710K
Loader jdk.internal.loader.ClassLoaders$PlatformClassLoader                            : 536K
Loader jdk.internal.loader.ClassLoaders$AppClassLoader                                 : 234K
Loader jdk.internal.reflect.DelegatingClassLoader                                      : 207K
Loader org.gradle.groovy.scripts.internal.DefaultScriptCompilationHandler$ScriptClassLoader: 148K
Loader org.codehaus.groovy.runtime.callsite.CallSiteClassLoader                        : 52480B

Classes loaded by more than one classloader:
Class org.gradle.api.GradleException                                                  : loaded 3 times (x 78B)
Class org.gradle.internal.classloader.ClassLoaderHierarchy                            : loaded 2 times (x 66B)
Class org.gradle.api.internal.classpath.ManifestUtil                                  : loaded 2 times (x 67B)
Class org.jetbrains.plugins.gradle.model.GradleExtensions                             : loaded 2 times (x 66B)
Class org.jetbrains.plugins.gradle.model.AnnotationProcessingModel                    : loaded 2 times (x 66B)
Class org.gradle.internal.operations.MultipleBuildOperationFailures                   : loaded 2 times (x 91B)
Class org.jetbrains.kotlin.idea.gradleTooling.model.noarg.NoArgModel                  : loaded 2 times (x 66B)
Class org.gradle.internal.classloader.DefaultClassLoaderFactory                       : loaded 2 times (x 78B)
Class kotlin.collections.AbstractList$Companion                                       : loaded 2 times (x 67B)
Class org.gradle.internal.classloader.ClassLoaderVisitor                              : loaded 2 times (x 72B)
Class org.gradle.api.internal.classpath.EffectiveClassPath                            : loaded 2 times (x 86B)
Class org.gradle.tooling.internal.gradle.DefaultProjectIdentifier                     : loaded 2 times (x 82B)
Class org.jetbrains.kotlin.idea.gradleTooling.model.allopen.AllOpenModel              : loaded 2 times (x 66B)
Class org.gradle.api.internal.DefaultClassPathProvider                                : loaded 2 times (x 72B)
Class [Lorg.gradle.api.internal.ClassPathProvider;                                    : loaded 2 times (x 65B)
Class org.gradle.api.internal.ClassPathProvider                                       : loaded 2 times (x 66B)
Class org.gradle.internal.service.UnknownServiceException                             : loaded 2 times (x 79B)
Class org.jetbrains.kotlin.idea.gradleTooling.KotlinDslScriptAdditionalTask           : loaded 2 times (x 66B)
Class sync_studio_tooling2_a08wx6p7b1hvalzfvan2d3iq                                   : loaded 2 times (x 175B)
Class org.gradle.internal.classpath.TransformedClassPath                              : loaded 2 times (x 92B)
Class org.gradle.internal.classloader.InstrumentingClassLoader                        : loaded 2 times (x 66B)
Class kotlin.enums.EnumEntriesList                                                    : loaded 2 times (x 219B)
Class org.jetbrains.plugins.gradle.model.IntelliJSettings                             : loaded 2 times (x 66B)
Class org.jetbrains.kotlin.idea.gradleTooling.KotlinSourceSetContainer                : loaded 2 times (x 66B)
Class org.gradle.internal.service.ServiceLocator                                      : loaded 2 times (x 66B)
Class org.jetbrains.kotlin.android.synthetic.idea.AndroidExtensionsGradleModel        : loaded 2 times (x 66B)
Class org.gradle.tooling.model.UnsupportedMethodException                             : loaded 2 times (x 78B)
Class org.gradle.internal.InternalTransformer                                         : loaded 2 times (x 66B)
Class org.gradle.internal.time.DefaultTimer                                           : loaded 2 times (x 76B)
Class org.gradle.internal.classloader.ClasspathUtil$1                                 : loaded 2 times (x 72B)
Class org.gradle.api.internal.classpath.DefaultModuleRegistry$DefaultModule           : loaded 2 times (x 82B)
Class org.jetbrains.kotlin.idea.gradleTooling.model.lombok.LombokModel                : loaded 2 times (x 66B)
Class org.gradle.internal.time.DefaultCountdownTimer                                  : loaded 2 times (x 84B)
Class org.gradle.tooling.internal.gradle.DefaultBuildIdentifier                       : loaded 2 times (x 75B)
Class kotlin.Function                                                                 : loaded 2 times (x 66B)
Class org.gradle.api.internal.classpath.Module                                        : loaded 2 times (x 66B)
Class org.gradle.api.internal.classpath.UnknownModuleException                        : loaded 2 times (x 78B)
Class com.intellij.openapi.externalSystem.model.project.dependencies.ProjectDependencies: loaded 2 times (x 66B)
Class org.gradle.tooling.internal.gradle.GradleProjectIdentity                        : loaded 2 times (x 66B)
Class org.gradle.api.internal.DefaultClassPathRegistry                                : loaded 2 times (x 72B)
Class org.gradle.api.internal.ClassPathRegistry                                       : loaded 2 times (x 66B)
Class org.gradle.internal.classpath.DefaultClassPath$ImmutableUniqueList              : loaded 2 times (x 195B)
Class org.gradle.internal.classpath.ClassPath                                         : loaded 2 times (x 66B)
Class org.gradle.api.UncheckedIOException                                             : loaded 2 times (x 78B)
Class org.jetbrains.kotlin.idea.gradleTooling.KotlinGradleModel                       : loaded 2 times (x 66B)
Class org.gradle.tooling.model.Model                                                  : loaded 2 times (x 66B)
Class kotlin.UninitializedPropertyAccessException                                     : loaded 2 times (x 78B)
Class org.jetbrains.plugins.gradle.model.IntelliJProjectSettings                      : loaded 2 times (x 66B)
Class org.jetbrains.kotlin.idea.gradleTooling.model.annotation.AnnotationBasedPluginModel: loaded 2 times (x 66B)
Class org.gradle.internal.installation.GradleInstallation$1                           : loaded 2 times (x 71B)
Class org.gradle.api.internal.classpath.ModuleRegistry                                : loaded 2 times (x 66B)
Class org.jetbrains.plugins.gradle.model.VersionCatalogsModel                         : loaded 2 times (x 66B)
Class settings_92r87h0a3px40mgow7nfxbn0o$_run_closure1                                : loaded 2 times (x 135B)
Class org.gradle.api.internal.classpath.DefaultModuleRegistry                         : loaded 2 times (x 82B)
Class org.gradle.internal.time.MonotonicClock                                         : loaded 2 times (x 73B)
Class org.gradle.internal.service.ServiceLookupException                              : loaded 2 times (x 78B)
Class org.gradle.internal.classloader.ClassLoaderFactory                              : loaded 2 times (x 66B)
Class org.gradle.internal.service.CachingServiceLocator                               : loaded 2 times (x 78B)
Class org.jetbrains.plugins.gradle.model.RepositoryModels                             : loaded 2 times (x 66B)
Class org.gradle.internal.time.TimeSource                                             : loaded 2 times (x 66B)
Class org.gradle.tooling.internal.gradle.GradleBuildIdentity                          : loaded 2 times (x 66B)
Class kotlin.enums.EnumEntries                                                        : loaded 2 times (x 66B)
Class org.gradle.internal.exceptions.ResolutionProvider                               : loaded 2 times (x 66B)
Class org.gradle.tooling.model.ProjectIdentifier                                      : loaded 2 times (x 66B)
Class org.gradle.internal.classloader.ClasspathUtil                                   : loaded 2 times (x 67B)
Class org.gradle.internal.time.TimeSource$1                                           : loaded 2 times (x 73B)
Class kotlin.jvm.internal.DefaultConstructorMarker                                    : loaded 2 times (x 67B)
Class org.gradle.api.specs.Spec                                                       : loaded 2 times (x 66B)
Class org.gradle.internal.time.Clock                                                  : loaded 2 times (x 66B)
Class org.jetbrains.plugins.gradle.model.jar.JarTaskManifestConfiguration             : loaded 2 times (x 66B)
Class kotlin.collections.AbstractList                                                 : loaded 2 times (x 193B)
Class kotlin.collections.AbstractCollection                                           : loaded 2 times (x 113B)
Class settings_92r87h0a3px40mgow7nfxbn0o$_run_closure1$_closure2                      : loaded 2 times (x 135B)
Class org.gradle.internal.classloader.VisitableURLClassLoader$InstrumentingVisitableURLClassLoader: loaded 2 times (x 119B)
Class org.gradle.internal.classloader.VisitableURLClassLoader$Spec                    : loaded 2 times (x 70B)
Class org.gradle.internal.classpath.DefaultClassPath                                  : loaded 2 times (x 86B)
Class org.gradle.internal.classloader.ClassLoaderSpec                                 : loaded 2 times (x 67B)
Class settings_92r87h0a3px40mgow7nfxbn0o                                              : loaded 2 times (x 175B)
Class org.gradle.internal.classloader.VisitableURLClassLoader                         : loaded 2 times (x 113B)
Class org.gradle.internal.Cast                                                        : loaded 2 times (x 67B)
Class org.gradle.api.Action                                                           : loaded 2 times (x 66B)
Class kotlin.jvm.functions.Function1                                                  : loaded 2 times (x 66B)
Class org.gradle.internal.classpath.DefaultClassPath$ImmutableUniqueList$Builder      : loaded 2 times (x 71B)
Class ijInit1_afdywbw6l5rl403ks86pel56s                                               : loaded 2 times (x 175B)
Class org.jetbrains.kotlin.idea.gradleTooling.model.samWithReceiver.SamWithReceiverModel: loaded 2 times (x 66B)
Class org.gradle.internal.classloader.FilteringClassLoader                            : loaded 2 times (x 101B)
Class org.gradle.internal.exceptions.NonGradleCauseExceptionsHolder                   : loaded 2 times (x 66B)
Class org.jetbrains.kotlin.idea.gradleTooling.model.assignment.AssignmentModel        : loaded 2 times (x 66B)
Class kotlin.enums.EnumEntriesKt                                                      : loaded 2 times (x 67B)
Class org.gradle.internal.IoActions                                                   : loaded 2 times (x 67B)
Class org.gradle.internal.classloader.SystemClassLoaderSpec                           : loaded 2 times (x 67B)
Class org.gradle.internal.exceptions.MultiCauseException                              : loaded 2 times (x 66B)
Class org.gradle.internal.time.CountdownTimer                                         : loaded 2 times (x 66B)
Class kotlin.jvm.internal.Intrinsics                                                  : loaded 2 times (x 67B)
Class org.jetbrains.kotlin.idea.gradleTooling.model.parcelize.ParcelizeGradleModel    : loaded 2 times (x 66B)
Class org.gradle.tooling.model.ProjectModel                                           : loaded 2 times (x 66B)
Class kotlin.KotlinNullPointerException                                               : loaded 2 times (x 79B)
Class org.jetbrains.plugins.gradle.model.tests.ExternalTestsModel                     : loaded 2 times (x 66B)
Class org.gradle.internal.exceptions.DefaultMultiCauseException                       : loaded 2 times (x 91B)
Class org.gradle.internal.time.Time                                                   : loaded 2 times (x 67B)
Class org.jetbrains.plugins.gradle.model.DependencyAccessorsModel                     : loaded 2 times (x 66B)
Class org.gradle.api.internal.classpath.GlobalCacheRootsProvider                      : loaded 2 times (x 66B)
Class org.jetbrains.kotlin.idea.gradleTooling.KotlinMPPGradleModel                    : loaded 2 times (x 66B)
Class org.gradle.tooling.model.BuildIdentifier                                        : loaded 2 times (x 66B)
Class org.jetbrains.kotlin.idea.gradleTooling.PrepareKotlinIdeImportTaskModel         : loaded 2 times (x 66B)
Class org.gradle.internal.time.Timer                                                  : loaded 2 times (x 66B)
Class kotlin.jvm.internal.markers.KMappedMarker                                       : loaded 2 times (x 66B)
Class org.gradle.internal.installation.CurrentGradleInstallationLocator               : loaded 2 times (x 67B)
Class org.gradle.internal.service.DefaultServiceLocator                               : loaded 2 times (x 79B)
Class org.gradle.util.GradleVersion                                                   : loaded 2 times (x 79B)
Class org.gradle.internal.installation.CurrentGradleInstallation                      : loaded 2 times (x 69B)
Class org.gradle.util.internal.GUtil                                                  : loaded 2 times (x 67B)
Class org.gradle.internal.installation.GradleInstallation                             : loaded 2 times (x 71B)

---------------  S Y S T E M  ---------------

OS:
 Windows 11 , 64 bit Build 26100 (10.0.26100.2454)
OS uptime: 0 days 0:36 hours
Hyper-V role detected

CPU: total 8 (initial active 8) (4 cores per cpu, 2 threads per core) family 6 model 140 stepping 1 microcode 0xac, cx8, cmov, fxsr, ht, mmx, 3dnowpref, sse, sse2, sse3, ssse3, sse4.1, sse4.2, popcnt, lzcnt, tsc, tscinvbit, avx, avx2, aes, erms, clmul, bmi1, bmi2, adx, avx512f, avx512dq, avx512cd, avx512bw, avx512vl, sha, fma, vzeroupper, avx512_vpopcntdq, avx512_vpclmulqdq, avx512_vaes, avx512_vnni, clflush, clflushopt, clwb, avx512_vbmi2, avx512_vbmi, hv, rdtscp, rdpid, fsrm, gfni, avx512_bitalg, f16c, cet_ibt, cet_ss, avx512_ifma
Processor Information for all 8 processors :
  Max Mhz: 3302, Current Mhz: 3302, Mhz Limit: 3302

Memory: 4k page, system-wide physical 11979M (441M free)
TotalPageFile size 48843M (AvailPageFile size 8M)
current process WorkingSet (physical memory assigned to process): 337M, peak: 338M
current process commit charge ("private bytes"): 381M, peak: 384M

vm_info: OpenJDK 64-Bit Server VM (21.0.4+-12508038-b607.1) for windows-amd64 JRE (21.0.4+-12508038-b607.1), built on 2024-10-16T17:23:34Z by "builder" with MS VC++ 16.10 / 16.11 (VS2019)

END.
